<?xml version="1.0" encoding="utf-8"?>
<TestRun id="41da3797-8f5e-4708-ae78-196791dca8ee" name="seanm@UPSTAIRSMCCARTH 2026-09-21 22:10:37" runUser="UPSTAIRSMCCARTH\seanm" xmlns="http://microsoft.com/schemas/VisualStudio/TeamTest/2010">
  <Times creation="2026-09-21T22:10:37.4518054-04:00" queuing="2026-09-21T22:10:37.4518063-04:00" start="2026-09-21T22:10:15.8256149-04:00" finish="2026-09-21T22:11:29.7904824-04:00" />
  <TestSettings name="default" id="8845f0f6-878a-4781-b6ff-9144682a1f27">
    <Deployment runDeploymentRoot="seanm_UPSTAIRSMCCARTH_2026-09-21_22_10_37" />
  </TestSettings>
  <Results>
    <UnitTestResult executionId="02cf126c-0b03-4953-89d6-532a2878f1b1" testId="13c22eb6-748c-ce9c-6cfb-da3550210596" testName="AeroLink.Infrastructure.Tests.ProjectSetupPostgresQualificationTests.Migration_draft_reload_and_concurrent_edit_are_durable_on_postgresql" computerName="UPSTAIRSMCCARTH" duration="00:00:05.1407676" startTime="2026-09-21T22:10:45.7059088-04:00" endTime="2026-09-21T22:10:50.8354617-04:00" testType="13cdc9d9-ddb5-4fa4-a97d-d965ccfc6d4b" outcome="Passed" testListId="8c84fa94-04c1-424b-9868-57a2d4851a1d" relativeResultsDirectory="02cf126c-0b03-4953-89d6-532a2878f1b1" />
    <UnitTestResult executionId="be0d23a2-7d18-496f-b8c6-ece73b1dc227" testId="242380b7-4dc3-93ff-7fa5-ab7dffc58f2c" testName="AeroLink.Infrastructure.Tests.ProjectSetupPostgresQualificationTests.Concurrent_identical_external_uploads_are_normalized_to_one_package_and_one_conflict_on_postgresql" computerName="UPSTAIRSMCCARTH" duration="00:00:04.4780063" startTime="2026-09-21T22:11:15.8777863-04:00" endTime="2026-09-21T22:11:20.3605407-04:00" testType="13cdc9d9-ddb5-4fa4-a97d-d965ccfc6d4b" outcome="Passed" testListId="8c84fa94-04c1-424b-9868-57a2d4851a1d" relativeResultsDirectory="be0d23a2-7d18-496f-b8c6-ece73b1dc227" />
    <UnitTestResult executionId="10d1981c-6955-4adb-9dd6-0a2fe6fdec06" testId="06876892-1332-3940-aa32-320a979ca62f" testName="AeroLink.Infrastructure.Tests.ProjectSetupPostgresQualificationTests.Concurrent_native_capture_and_external_upload_leave_one_staged_package_on_postgresql" computerName="UPSTAIRSMCCARTH" duration="00:00:04.5975705" startTime="2026-09-21T22:11:25.0725803-04:00" endTime="2026-09-21T22:11:29.6477381-04:00" testType="13cdc9d9-ddb5-4fa4-a97d-d965ccfc6d4b" outcome="Passed" testListId="8c84fa94-04c1-424b-9868-57a2d4851a1d" relativeResultsDirectory="10d1981c-6955-4adb-9dd6-0a2fe6fdec06" />
    <UnitTestResult executionId="22bbf1d8-c9da-4075-8db7-f5950e36566b" testId="fb15477e-81c5-1a8c-501d-d76d3bdd94f5" testName="AeroLink.Infrastructure.Tests.ProjectSetupPostgresQualificationTests.Inception_baseline_identity_migration_backfills_existing_drafts_before_unique_constraint" computerName="UPSTAIRSMCCARTH" duration="00:00:04.4331835" startTime="2026-09-21T22:11:11.4440380-04:00" endTime="2026-09-21T22:11:15.8759875-04:00" testType="13cdc9d9-ddb5-4fa4-a97d-d965ccfc6d4b" outcome="Passed" testListId="8c84fa94-04c1-424b-9868-57a2d4851a1d" relativeResultsDirectory="22bbf1d8-c9da-4075-8db7-f5950e36566b" />
    <UnitTestResult executionId="c0cc0a67-37ae-45e8-a350-f8bf954edff8" testId="49b79990-08a9-531c-f175-a7936c7e9b2b" testName="AeroLink.Infrastructure.Tests.ProjectSetupPostgresQualificationTests.Interrupted_finalization_rolls_back_claim_and_structure_before_retry_on_postgresql" computerName="UPSTAIRSMCCARTH" duration="00:00:08.2902042" startTime="2026-09-21T22:10:37.4384337-04:00" endTime="2026-09-21T22:10:45.6944514-04:00" testType="13cdc9d9-ddb5-4fa4-a97d-d965ccfc6d4b" outcome="Passed" testListId="8c84fa94-04c1-424b-9868-57a2d4851a1d" relativeResultsDirectory="c0cc0a67-37ae-45e8-a350-f8bf954edff8" />
    <UnitTestResult executionId="7d2ce38a-87d5-40dd-9305-f5cdc7effe56" testId="5a0de47e-3ac7-a05f-b472-ab9b9b833aeb" testName="AeroLink.Infrastructure.Tests.ProjectSetupPostgresQualificationTests.Inception_uploads_survive_provider_restart_and_replay_for_all_external_formats_on_postgresql" computerName="UPSTAIRSMCCARTH" duration="00:00:05.9823740" startTime="2026-09-21T22:10:55.5494585-04:00" endTime="2026-09-21T22:11:01.5302180-04:00" testType="13cdc9d9-ddb5-4fa4-a97d-d965ccfc6d4b" outcome="Passed" testListId="8c84fa94-04c1-424b-9868-57a2d4851a1d" relativeResultsDirectory="7d2ce38a-87d5-40dd-9305-f5cdc7effe56" />
    <UnitTestResult executionId="0dd3ab4a-e2c1-47c2-bd0f-2b8d84021e05" testId="8bb65f82-edbe-274a-0a6e-561c49aa274d" testName="AeroLink.Infrastructure.Tests.ProjectSetupPostgresQualificationTests.Native_capture_survives_restart_and_competing_finalization_on_postgresql" computerName="UPSTAIRSMCCARTH" duration="00:00:05.0995308" startTime="2026-09-21T22:11:06.3443920-04:00" endTime="2026-09-21T22:11:11.4423311-04:00" testType="13cdc9d9-ddb5-4fa4-a97d-d965ccfc6d4b" outcome="Passed" testListId="8c84fa94-04c1-424b-9868-57a2d4851a1d" relativeResultsDirectory="0dd3ab4a-e2c1-47c2-bd0f-2b8d84021e05" />
    <UnitTestResult executionId="9f60b270-9119-4073-bc60-f8a66baf65b1" testId="a10bfc7d-62d1-676c-6593-a9957f706e3b" testName="AeroLink.Infrastructure.Tests.ProjectSetupPostgresQualificationTests.Repository_verification_migration_preserves_legacy_null_facts_and_new_identity_snapshots" computerName="UPSTAIRSMCCARTH" duration="00:00:04.6882782" startTime="2026-09-21T22:11:20.3624176-04:00" endTime="2026-09-21T22:11:25.0496724-04:00" testType="13cdc9d9-ddb5-4fa4-a97d-d965ccfc6d4b" outcome="Passed" testListId="8c84fa94-04c1-424b-9868-57a2d4851a1d" relativeResultsDirectory="9f60b270-9119-4073-bc60-f8a66baf65b1" />
    <UnitTestResult executionId="249df4e3-f22c-45de-8868-3c0d90dd110a" testId="49cb47b8-eecf-f795-ea07-50b84893c9a8" testName="AeroLink.Infrastructure.Tests.ProjectSetupPostgresQualificationTests.Competing_finalizers_and_lost_committed_result_recover_one_project_on_postgresql" computerName="UPSTAIRSMCCARTH" duration="00:00:04.8115311" startTime="2026-09-21T22:11:01.5331549-04:00" endTime="2026-09-21T22:11:06.3422539-04:00" testType="13cdc9d9-ddb5-4fa4-a97d-d965ccfc6d4b" outcome="Passed" testListId="8c84fa94-04c1-424b-9868-57a2d4851a1d" relativeResultsDirectory="249df4e3-f22c-45de-8868-3c0d90dd110a" />
    <UnitTestResult executionId="1fbec2c1-f5a7-47ac-81d6-e56113c7dcc9" testId="e12221cf-5246-d53e-5a46-7541f60ac735" testName="AeroLink.Infrastructure.Tests.ProjectSetupPostgresQualificationTests.Concurrent_source_mapping_and_reconcile_return_one_conflict_and_preserve_reconciled_package_on_postgresql" computerName="UPSTAIRSMCCARTH" duration="00:00:04.7114702" startTime="2026-09-21T22:10:50.8383101-04:00" endTime="2026-09-21T22:10:55.5473770-04:00" testType="13cdc9d9-ddb5-4fa4-a97d-d965ccfc6d4b" outcome="Passed" testListId="8c84fa94-04c1-424b-9868-57a2d4851a1d" relativeResultsDirectory="1fbec2c1-f5a7-47ac-81d6-e56113c7dcc9" />
    <UnitTestResult executionId="4eb50a5a-32a6-4b11-b90b-d2dc868f516a" testId="3f7535a4-0c84-70fb-7606-7d24fc487109" testName="AeroLink.Infrastructure.Tests.ProjectSetupPostgresQualificationTests.Canonical_release_keyset_pages_preserve_historical_versions_on_postgresql" computerName="UPSTAIRSMCCARTH" duration="00:00:20.2608141" startTime="2026-09-21T22:10:17.1693760-04:00" endTime="2026-09-21T22:10:37.4004667-04:00" testType="13cdc9d9-ddb5-4fa4-a97d-d965ccfc6d4b" outcome="Passed" testListId="8c84fa94-04c1-424b-9868-57a2d4851a1d" relativeResultsDirectory="4eb50a5a-32a6-4b11-b90b-d2dc868f516a" />
  </Results>
  <TestDefinitions>
    <UnitTest name="AeroLink.Infrastructure.Tests.ProjectSetupPostgresQualificationTests.Concurrent_identical_external_uploads_are_normalized_to_one_package_and_one_conflict_on_postgresql" storage="c:\sean project\rmt-1040-worktree\product\tests\aerolink.infrastructure.tests\bin\release\net10.0\aerolink.infrastructure.tests.dll" id="242380b7-4dc3-93ff-7fa5-ab7dffc58f2c">
      <Execution id="be0d23a2-7d18-496f-b8c6-ece73b1dc227" />
      <TestMethod codeBase="C:\Sean Project\RMT-1040-worktree\product\tests\AeroLink.Infrastructure.Tests\bin\Release\net10.0\AeroLink.Infrastructure.Tests.dll" adapterTypeName="executor://xunit/VsTestRunner3/netcore/" className="AeroLink.Infrastructure.Tests.ProjectSetupPostgresQualificationTests" name="Concurrent_identical_external_uploads_are_normalized_to_one_package_and_one_conflict_on_postgresql" />
    </UnitTest>
    <UnitTest name="AeroLink.Infrastructure.Tests.ProjectSetupPostgresQualificationTests.Canonical_release_keyset_pages_preserve_historical_versions_on_postgresql" storage="c:\sean project\rmt-1040-worktree\product\tests\aerolink.infrastructure.tests\bin\release\net10.0\aerolink.infrastructure.tests.dll" id="3f7535a4-0c84-70fb-7606-7d24fc487109">
      <Execution id="4eb50a5a-32a6-4b11-b90b-d2dc868f516a" />
      <TestMethod codeBase="C:\Sean Project\RMT-1040-worktree\product\tests\AeroLink.Infrastructure.Tests\bin\Release\net10.0\AeroLink.Infrastructure.Tests.dll" adapterTypeName="executor://xunit/VsTestRunner3/netcore/" className="AeroLink.Infrastructure.Tests.ProjectSetupPostgresQualificationTests" name="Canonical_release_keyset_pages_preserve_historical_versions_on_postgresql" />
    </UnitTest>
    <UnitTest name="AeroLink.Infrastructure.Tests.ProjectSetupPostgresQualificationTests.Concurrent_native_capture_and_external_upload_leave_one_staged_package_on_postgresql" storage="c:\sean project\rmt-1040-worktree\product\tests\aerolink.infrastructure.tests\bin\release\net10.0\aerolink.infrastructure.tests.dll" id="06876892-1332-3940-aa32-320a979ca62f">
      <Execution id="10d1981c-6955-4adb-9dd6-0a2fe6fdec06" />
      <TestMethod codeBase="C:\Sean Project\RMT-1040-worktree\product\tests\AeroLink.Infrastructure.Tests\bin\Release\net10.0\AeroLink.Infrastructure.Tests.dll" adapterTypeName="executor://xunit/VsTestRunner3/netcore/" className="AeroLink.Infrastructure.Tests.ProjectSetupPostgresQualificationTests" name="Concurrent_native_capture_and_external_upload_leave_one_staged_package_on_postgresql" />
    </UnitTest>
    <UnitTest name="AeroLink.Infrastructure.Tests.ProjectSetupPostgresQualificationTests.Migration_draft_reload_and_concurrent_edit_are_durable_on_postgresql" storage="c:\sean project\rmt-1040-worktree\product\tests\aerolink.infrastructure.tests\bin\release\net10.0\aerolink.infrastructure.tests.dll" id="13c22eb6-748c-ce9c-6cfb-da3550210596">
      <Execution id="02cf126c-0b03-4953-89d6-532a2878f1b1" />
      <TestMethod codeBase="C:\Sean Project\RMT-1040-worktree\product\tests\AeroLink.Infrastructure.Tests\bin\Release\net10.0\AeroLink.Infrastructure.Tests.dll" adapterTypeName="executor://xunit/VsTestRunner3/netcore/" className="AeroLink.Infrastructure.Tests.ProjectSetupPostgresQualificationTests" name="Migration_draft_reload_and_concurrent_edit_are_durable_on_postgresql" />
    </UnitTest>
    <UnitTest name="AeroLink.Infrastructure.Tests.ProjectSetupPostgresQualificationTests.Competing_finalizers_and_lost_committed_result_recover_one_project_on_postgresql" storage="c:\sean project\rmt-1040-worktree\product\tests\aerolink.infrastructure.tests\bin\release\net10.0\aerolink.infrastructure.tests.dll" id="49cb47b8-eecf-f795-ea07-50b84893c9a8">
      <Execution id="249df4e3-f22c-45de-8868-3c0d90dd110a" />
      <TestMethod codeBase="C:\Sean Project\RMT-1040-worktree\product\tests\AeroLink.Infrastructure.Tests\bin\Release\net10.0\AeroLink.Infrastructure.Tests.dll" adapterTypeName="executor://xunit/VsTestRunner3/netcore/" className="AeroLink.Infrastructure.Tests.ProjectSetupPostgresQualificationTests" name="Competing_finalizers_and_lost_committed_result_recover_one_project_on_postgresql" />
    </UnitTest>
    <UnitTest name="AeroLink.Infrastructure.Tests.ProjectSetupPostgresQualificationTests.Interrupted_finalization_rolls_back_claim_and_structure_before_retry_on_postgresql" storage="c:\sean project\rmt-1040-worktree\product\tests\aerolink.infrastructure.tests\bin\release\net10.0\aerolink.infrastructure.tests.dll" id="49b79990-08a9-531c-f175-a7936c7e9b2b">
      <Execution id="c0cc0a67-37ae-45e8-a350-f8bf954edff8" />
      <TestMethod codeBase="C:\Sean Project\RMT-1040-worktree\product\tests\AeroLink.Infrastructure.Tests\bin\Release\net10.0\AeroLink.Infrastructure.Tests.dll" adapterTypeName="executor://xunit/VsTestRunner3/netcore/" className="AeroLink.Infrastructure.Tests.ProjectSetupPostgresQualificationTests" name="Interrupted_finalization_rolls_back_claim_and_structure_before_retry_on_postgresql" />
    </UnitTest>
    <UnitTest name="AeroLink.Infrastructure.Tests.ProjectSetupPostgresQualificationTests.Concurrent_source_mapping_and_reconcile_return_one_conflict_and_preserve_reconciled_package_on_postgresql" storage="c:\sean project\rmt-1040-worktree\product\tests\aerolink.infrastructure.tests\bin\release\net10.0\aerolink.infrastructure.tests.dll" id="e12221cf-5246-d53e-5a46-7541f60ac735">
      <Execution id="1fbec2c1-f5a7-47ac-81d6-e56113c7dcc9" />
      <TestMethod codeBase="C:\Sean Project\RMT-1040-worktree\product\tests\AeroLink.Infrastructure.Tests\bin\Release\net10.0\AeroLink.Infrastructure.Tests.dll" adapterTypeName="executor://xunit/VsTestRunner3/netcore/" className="AeroLink.Infrastructure.Tests.ProjectSetupPostgresQualificationTests" name="Concurrent_source_mapping_and_reconcile_return_one_conflict_and_preserve_reconciled_package_on_postgresql" />
    </UnitTest>
    <UnitTest name="AeroLink.Infrastructure.Tests.ProjectSetupPostgresQualificationTests.Native_capture_survives_restart_and_competing_finalization_on_postgresql" storage="c:\sean project\rmt-1040-worktree\product\tests\aerolink.infrastructure.tests\bin\release\net10.0\aerolink.infrastructure.tests.dll" id="8bb65f82-edbe-274a-0a6e-561c49aa274d">
      <Execution id="0dd3ab4a-e2c1-47c2-bd0f-2b8d84021e05" />
      <TestMethod codeBase="C:\Sean Project\RMT-1040-worktree\product\tests\AeroLink.Infrastructure.Tests\bin\Release\net10.0\AeroLink.Infrastructure.Tests.dll" adapterTypeName="executor://xunit/VsTestRunner3/netcore/" className="AeroLink.Infrastructure.Tests.ProjectSetupPostgresQualificationTests" name="Native_capture_survives_restart_and_competing_finalization_on_postgresql" />
    </UnitTest>
    <UnitTest name="AeroLink.Infrastructure.Tests.ProjectSetupPostgresQualificationTests.Repository_verification_migration_preserves_legacy_null_facts_and_new_identity_snapshots" storage="c:\sean project\rmt-1040-worktree\product\tests\aerolink.infrastructure.tests\bin\release\net10.0\aerolink.infrastructure.tests.dll" id="a10bfc7d-62d1-676c-6593-a9957f706e3b">
      <Execution id="9f60b270-9119-4073-bc60-f8a66baf65b1" />
      <TestMethod codeBase="C:\Sean Project\RMT-1040-worktree\product\tests\AeroLink.Infrastructure.Tests\bin\Release\net10.0\AeroLink.Infrastructure.Tests.dll" adapterTypeName="executor://xunit/VsTestRunner3/netcore/" className="AeroLink.Infrastructure.Tests.ProjectSetupPostgresQualificationTests" name="Repository_verification_migration_preserves_legacy_null_facts_and_new_identity_snapshots" />
    </UnitTest>
    <UnitTest name="AeroLink.Infrastructure.Tests.ProjectSetupPostgresQualificationTests.Inception_baseline_identity_migration_backfills_existing_drafts_before_unique_constraint" storage="c:\sean project\rmt-1040-worktree\product\tests\aerolink.infrastructure.tests\bin\release\net10.0\aerolink.infrastructure.tests.dll" id="fb15477e-81c5-1a8c-501d-d76d3bdd94f5">
      <Execution id="22bbf1d8-c9da-4075-8db7-f5950e36566b" />
      <TestMethod codeBase="C:\Sean Project\RMT-1040-worktree\product\tests\AeroLink.Infrastructure.Tests\bin\Release\net10.0\AeroLink.Infrastructure.Tests.dll" adapterTypeName="executor://xunit/VsTestRunner3/netcore/" className="AeroLink.Infrastructure.Tests.ProjectSetupPostgresQualificationTests" name="Inception_baseline_identity_migration_backfills_existing_drafts_before_unique_constraint" />
    </UnitTest>
    <UnitTest name="AeroLink.Infrastructure.Tests.ProjectSetupPostgresQualificationTests.Inception_uploads_survive_provider_restart_and_replay_for_all_external_formats_on_postgresql" storage="c:\sean project\rmt-1040-worktree\product\tests\aerolink.infrastructure.tests\bin\release\net10.0\aerolink.infrastructure.tests.dll" id="5a0de47e-3ac7-a05f-b472-ab9b9b833aeb">
      <Execution id="7d2ce38a-87d5-40dd-9305-f5cdc7effe56" />
      <TestMethod codeBase="C:\Sean Project\RMT-1040-worktree\product\tests\AeroLink.Infrastructure.Tests\bin\Release\net10.0\AeroLink.Infrastructure.Tests.dll" adapterTypeName="executor://xunit/VsTestRunner3/netcore/" className="AeroLink.Infrastructure.Tests.ProjectSetupPostgresQualificationTests" name="Inception_uploads_survive_provider_restart_and_replay_for_all_external_formats_on_postgresql" />
    </UnitTest>
  </TestDefinitions>
  <TestEntries>
    <TestEntry testId="13c22eb6-748c-ce9c-6cfb-da3550210596" executionId="02cf126c-0b03-4953-89d6-532a2878f1b1" testListId="8c84fa94-04c1-424b-9868-57a2d4851a1d" />
    <TestEntry testId="242380b7-4dc3-93ff-7fa5-ab7dffc58f2c" executionId="be0d23a2-7d18-496f-b8c6-ece73b1dc227" testListId="8c84fa94-04c1-424b-9868-57a2d4851a1d" />
    <TestEntry testId="06876892-1332-3940-aa32-320a979ca62f" executionId="10d1981c-6955-4adb-9dd6-0a2fe6fdec06" testListId="8c84fa94-04c1-424b-9868-57a2d4851a1d" />
    <TestEntry testId="fb15477e-81c5-1a8c-501d-d76d3bdd94f5" executionId="22bbf1d8-c9da-4075-8db7-f5950e36566b" testListId="8c84fa94-04c1-424b-9868-57a2d4851a1d" />
    <TestEntry testId="49b79990-08a9-531c-f175-a7936c7e9b2b" executionId="c0cc0a67-37ae-45e8-a350-f8bf954edff8" testListId="8c84fa94-04c1-424b-9868-57a2d4851a1d" />
    <TestEntry testId="5a0de47e-3ac7-a05f-b472-ab9b9b833aeb" executionId="7d2ce38a-87d5-40dd-9305-f5cdc7effe56" testListId="8c84fa94-04c1-424b-9868-57a2d4851a1d" />
    <TestEntry testId="8bb65f82-edbe-274a-0a6e-561c49aa274d" executionId="0dd3ab4a-e2c1-47c2-bd0f-2b8d84021e05" testListId="8c84fa94-04c1-424b-9868-57a2d4851a1d" />
    <TestEntry testId="a10bfc7d-62d1-676c-6593-a9957f706e3b" executionId="9f60b270-9119-4073-bc60-f8a66baf65b1" testListId="8c84fa94-04c1-424b-9868-57a2d4851a1d" />
    <TestEntry testId="49cb47b8-eecf-f795-ea07-50b84893c9a8" executionId="249df4e3-f22c-45de-8868-3c0d90dd110a" testListId="8c84fa94-04c1-424b-9868-57a2d4851a1d" />
    <TestEntry testId="e12221cf-5246-d53e-5a46-7541f60ac735" executionId="1fbec2c1-f5a7-47ac-81d6-e56113c7dcc9" testListId="8c84fa94-04c1-424b-9868-57a2d4851a1d" />
    <TestEntry testId="3f7535a4-0c84-70fb-7606-7d24fc487109" executionId="4eb50a5a-32a6-4b11-b90b-d2dc868f516a" testListId="8c84fa94-04c1-424b-9868-57a2d4851a1d" />
  </TestEntries>
  <TestLists>
    <TestList name="Results Not in a List" id="8c84fa94-04c1-424b-9868-57a2d4851a1d" />
    <TestList name="All Loaded Results" id="19431567-8539-422a-85d7-44ee4e166bda" />
  </TestLists>
  <ResultSummary outcome="Completed">
    <Counters total="11" executed="11" passed="11" failed="0" error="0" timeout="0" aborted="0" inconclusive="0" passedButRunAborted="0" notRunnable="0" notExecuted="0" disconnected="0" warning="0" completed="0" inProgress="0" pending="0" />
    <Output>
      <StdOut>[xUnit.net 00:00:00.00] xUnit.net VSTest Adapter v3.1.4+50e68bbb8b (64-bit .NET 10.0.9)&#xD;
[xUnit.net 00:00:00.40]   Discovering: AeroLink.Infrastructure.Tests&#xD;
[xUnit.net 00:00:00.55]   Discovered:  AeroLink.Infrastructure.Tests&#xD;
[xUnit.net 00:00:00.58]   Starting:    AeroLink.Infrastructure.Tests&#xD;
[xUnit.net 00:01:13.12]   Finished:    AeroLink.Infrastructure.Tests&#xD;
</StdOut>
    </Output>
    <RunInfos>
      <RunInfo computerName="UPSTAIRSMCCARTH" outcome="Warning" timestamp="2026-09-21T22:11:29.7560549-04:00">
        <Text>Data collector 'Blame' message: All tests finished running, Sequence file will not be generated.</Text>
      </RunInfo>
    </RunInfos>
  </ResultSummary>
</TestRun>