<?xml version="1.0" encoding="utf-8"?>
<TestRun id="6f6af188-7ae9-4575-a135-5af94b981228" name="seanm@UPSTAIRSMCCARTH 2026-09-21 10:25:50" runUser="UPSTAIRSMCCARTH\seanm" xmlns="http://microsoft.com/schemas/VisualStudio/TeamTest/2010">
  <Times creation="2026-09-21T10:25:50.8202362-04:00" queuing="2026-09-21T10:25:50.8202365-04:00" start="2026-09-21T10:25:33.1532941-04:00" finish="2026-09-21T10:26:35.9932650-04:00" />
  <TestSettings name="default" id="b2559c34-77ad-405b-86f2-23589f1743f4">
    <Deployment runDeploymentRoot="seanm_UPSTAIRSMCCARTH_2026-09-21_10_25_50" />
  </TestSettings>
  <Results>
    <UnitTestResult executionId="ef057923-2d65-46c5-a3f7-ae084f4e0b02" testId="fb15477e-81c5-1a8c-501d-d76d3bdd94f5" testName="AeroLink.Infrastructure.Tests.ProjectSetupPostgresQualificationTests.Inception_baseline_identity_migration_backfills_existing_drafts_before_unique_constraint" computerName="UPSTAIRSMCCARTH" duration="00:00:03.6550025" startTime="2026-09-21T10:26:20.1637612-04:00" endTime="2026-09-21T10:26:23.8178485-04:00" testType="13cdc9d9-ddb5-4fa4-a97d-d965ccfc6d4b" outcome="Passed" testListId="8c84fa94-04c1-424b-9868-57a2d4851a1d" relativeResultsDirectory="ef057923-2d65-46c5-a3f7-ae084f4e0b02" />
    <UnitTestResult executionId="2eed26c5-e4cb-4236-bfc9-7b4c79621f94" testId="3f7535a4-0c84-70fb-7606-7d24fc487109" testName="AeroLink.Infrastructure.Tests.ProjectSetupPostgresQualificationTests.Canonical_release_keyset_pages_preserve_historical_versions_on_postgresql" computerName="UPSTAIRSMCCARTH" duration="00:00:15.8419644" startTime="2026-09-21T10:25:34.9654964-04:00" endTime="2026-09-21T10:25:50.7866403-04:00" testType="13cdc9d9-ddb5-4fa4-a97d-d965ccfc6d4b" outcome="Passed" testListId="8c84fa94-04c1-424b-9868-57a2d4851a1d" relativeResultsDirectory="2eed26c5-e4cb-4236-bfc9-7b4c79621f94" />
    <UnitTestResult executionId="6d6e1723-11f9-4d53-9d1f-2136766c51ad" testId="13c22eb6-748c-ce9c-6cfb-da3550210596" testName="AeroLink.Infrastructure.Tests.ProjectSetupPostgresQualificationTests.Migration_draft_reload_and_concurrent_edit_are_durable_on_postgresql" computerName="UPSTAIRSMCCARTH" duration="00:00:04.4553076" startTime="2026-09-21T10:25:58.8753924-04:00" endTime="2026-09-21T10:26:03.3258638-04:00" testType="13cdc9d9-ddb5-4fa4-a97d-d965ccfc6d4b" outcome="Passed" testListId="8c84fa94-04c1-424b-9868-57a2d4851a1d" relativeResultsDirectory="6d6e1723-11f9-4d53-9d1f-2136766c51ad" />
    <UnitTestResult executionId="fff3d13d-dc60-4a16-bb36-2ff608202d1f" testId="242380b7-4dc3-93ff-7fa5-ab7dffc58f2c" testName="AeroLink.Infrastructure.Tests.ProjectSetupPostgresQualificationTests.Concurrent_identical_external_uploads_are_normalized_to_one_package_and_one_conflict_on_postgresql" computerName="UPSTAIRSMCCARTH" duration="00:00:04.2154847" startTime="2026-09-21T10:26:23.8194188-04:00" endTime="2026-09-21T10:26:28.0337741-04:00" testType="13cdc9d9-ddb5-4fa4-a97d-d965ccfc6d4b" outcome="Passed" testListId="8c84fa94-04c1-424b-9868-57a2d4851a1d" relativeResultsDirectory="fff3d13d-dc60-4a16-bb36-2ff608202d1f" />
    <UnitTestResult executionId="33535730-620c-4737-9f8d-e2e201f836a0" testId="e12221cf-5246-d53e-5a46-7541f60ac735" testName="AeroLink.Infrastructure.Tests.ProjectSetupPostgresQualificationTests.Concurrent_source_mapping_and_reconcile_return_one_conflict_and_preserve_reconciled_package_on_postgresql" computerName="UPSTAIRSMCCARTH" duration="00:00:03.9580940" startTime="2026-09-21T10:26:03.3284146-04:00" endTime="2026-09-21T10:26:07.2844251-04:00" testType="13cdc9d9-ddb5-4fa4-a97d-d965ccfc6d4b" outcome="Passed" testListId="8c84fa94-04c1-424b-9868-57a2d4851a1d" relativeResultsDirectory="33535730-620c-4737-9f8d-e2e201f836a0" />
    <UnitTestResult executionId="9c38aa5b-437b-4690-b971-5e46cfda0ae8" testId="49cb47b8-eecf-f795-ea07-50b84893c9a8" testName="AeroLink.Infrastructure.Tests.ProjectSetupPostgresQualificationTests.Competing_finalizers_and_lost_committed_result_recover_one_project_on_postgresql" computerName="UPSTAIRSMCCARTH" duration="00:00:03.8627822" startTime="2026-09-21T10:26:12.0937839-04:00" endTime="2026-09-21T10:26:15.9547960-04:00" testType="13cdc9d9-ddb5-4fa4-a97d-d965ccfc6d4b" outcome="Passed" testListId="8c84fa94-04c1-424b-9868-57a2d4851a1d" relativeResultsDirectory="9c38aa5b-437b-4690-b971-5e46cfda0ae8" />
    <UnitTestResult executionId="f96de2c7-2c03-47e4-affb-0e67fdf1a920" testId="06876892-1332-3940-aa32-320a979ca62f" testName="AeroLink.Infrastructure.Tests.ProjectSetupPostgresQualificationTests.Concurrent_native_capture_and_external_upload_leave_one_staged_package_on_postgresql" computerName="UPSTAIRSMCCARTH" duration="00:00:03.8620724" startTime="2026-09-21T10:26:32.0017327-04:00" endTime="2026-09-21T10:26:35.8626960-04:00" testType="13cdc9d9-ddb5-4fa4-a97d-d965ccfc6d4b" outcome="Passed" testListId="8c84fa94-04c1-424b-9868-57a2d4851a1d" relativeResultsDirectory="f96de2c7-2c03-47e4-affb-0e67fdf1a920" />
    <UnitTestResult executionId="94379bd8-a124-41fe-9caf-e40839cbbb05" testId="5a0de47e-3ac7-a05f-b472-ab9b9b833aeb" testName="AeroLink.Infrastructure.Tests.ProjectSetupPostgresQualificationTests.Inception_uploads_survive_provider_restart_and_replay_for_all_external_formats_on_postgresql" computerName="UPSTAIRSMCCARTH" duration="00:00:04.8066680" startTime="2026-09-21T10:26:07.2860134-04:00" endTime="2026-09-21T10:26:12.0916455-04:00" testType="13cdc9d9-ddb5-4fa4-a97d-d965ccfc6d4b" outcome="Passed" testListId="8c84fa94-04c1-424b-9868-57a2d4851a1d" relativeResultsDirectory="94379bd8-a124-41fe-9caf-e40839cbbb05" />
    <UnitTestResult executionId="b1338cb1-6518-43a9-a5a0-d64f3efa5e47" testId="a10bfc7d-62d1-676c-6593-a9957f706e3b" testName="AeroLink.Infrastructure.Tests.ProjectSetupPostgresQualificationTests.Repository_verification_migration_preserves_legacy_null_facts_and_new_identity_snapshots" computerName="UPSTAIRSMCCARTH" duration="00:00:03.9658998" startTime="2026-09-21T10:26:28.0357356-04:00" endTime="2026-09-21T10:26:32.0000564-04:00" testType="13cdc9d9-ddb5-4fa4-a97d-d965ccfc6d4b" outcome="Passed" testListId="8c84fa94-04c1-424b-9868-57a2d4851a1d" relativeResultsDirectory="b1338cb1-6518-43a9-a5a0-d64f3efa5e47" />
    <UnitTestResult executionId="8b2f33e4-d501-4eea-b8a3-be7128a74958" testId="8bb65f82-edbe-274a-0a6e-561c49aa274d" testName="AeroLink.Infrastructure.Tests.ProjectSetupPostgresQualificationTests.Native_capture_survives_restart_and_competing_finalization_on_postgresql" computerName="UPSTAIRSMCCARTH" duration="00:00:04.2070931" startTime="2026-09-21T10:26:15.9563800-04:00" endTime="2026-09-21T10:26:20.1622768-04:00" testType="13cdc9d9-ddb5-4fa4-a97d-d965ccfc6d4b" outcome="Passed" testListId="8c84fa94-04c1-424b-9868-57a2d4851a1d" relativeResultsDirectory="8b2f33e4-d501-4eea-b8a3-be7128a74958" />
    <UnitTestResult executionId="19720fc4-fb1e-4ea3-a502-8e69374927a2" testId="49b79990-08a9-531c-f175-a7936c7e9b2b" testName="AeroLink.Infrastructure.Tests.ProjectSetupPostgresQualificationTests.Interrupted_finalization_rolls_back_claim_and_structure_before_retry_on_postgresql" computerName="UPSTAIRSMCCARTH" duration="00:00:08.0809321" startTime="2026-09-21T10:25:50.8106142-04:00" endTime="2026-09-21T10:25:58.8701919-04:00" testType="13cdc9d9-ddb5-4fa4-a97d-d965ccfc6d4b" outcome="Passed" testListId="8c84fa94-04c1-424b-9868-57a2d4851a1d" relativeResultsDirectory="19720fc4-fb1e-4ea3-a502-8e69374927a2" />
  </Results>
  <TestDefinitions>
    <UnitTest name="AeroLink.Infrastructure.Tests.ProjectSetupPostgresQualificationTests.Concurrent_identical_external_uploads_are_normalized_to_one_package_and_one_conflict_on_postgresql" storage="c:\sean project\rmt-1040-worktree\product\tests\aerolink.infrastructure.tests\bin\release\net10.0\aerolink.infrastructure.tests.dll" id="242380b7-4dc3-93ff-7fa5-ab7dffc58f2c">
      <Execution id="fff3d13d-dc60-4a16-bb36-2ff608202d1f" />
      <TestMethod codeBase="C:\Sean Project\RMT-1040-worktree\product\tests\AeroLink.Infrastructure.Tests\bin\Release\net10.0\AeroLink.Infrastructure.Tests.dll" adapterTypeName="executor://xunit/VsTestRunner3/netcore/" className="AeroLink.Infrastructure.Tests.ProjectSetupPostgresQualificationTests" name="Concurrent_identical_external_uploads_are_normalized_to_one_package_and_one_conflict_on_postgresql" />
    </UnitTest>
    <UnitTest name="AeroLink.Infrastructure.Tests.ProjectSetupPostgresQualificationTests.Canonical_release_keyset_pages_preserve_historical_versions_on_postgresql" storage="c:\sean project\rmt-1040-worktree\product\tests\aerolink.infrastructure.tests\bin\release\net10.0\aerolink.infrastructure.tests.dll" id="3f7535a4-0c84-70fb-7606-7d24fc487109">
      <Execution id="2eed26c5-e4cb-4236-bfc9-7b4c79621f94" />
      <TestMethod codeBase="C:\Sean Project\RMT-1040-worktree\product\tests\AeroLink.Infrastructure.Tests\bin\Release\net10.0\AeroLink.Infrastructure.Tests.dll" adapterTypeName="executor://xunit/VsTestRunner3/netcore/" className="AeroLink.Infrastructure.Tests.ProjectSetupPostgresQualificationTests" name="Canonical_release_keyset_pages_preserve_historical_versions_on_postgresql" />
    </UnitTest>
    <UnitTest name="AeroLink.Infrastructure.Tests.ProjectSetupPostgresQualificationTests.Concurrent_native_capture_and_external_upload_leave_one_staged_package_on_postgresql" storage="c:\sean project\rmt-1040-worktree\product\tests\aerolink.infrastructure.tests\bin\release\net10.0\aerolink.infrastructure.tests.dll" id="06876892-1332-3940-aa32-320a979ca62f">
      <Execution id="f96de2c7-2c03-47e4-affb-0e67fdf1a920" />
      <TestMethod codeBase="C:\Sean Project\RMT-1040-worktree\product\tests\AeroLink.Infrastructure.Tests\bin\Release\net10.0\AeroLink.Infrastructure.Tests.dll" adapterTypeName="executor://xunit/VsTestRunner3/netcore/" className="AeroLink.Infrastructure.Tests.ProjectSetupPostgresQualificationTests" name="Concurrent_native_capture_and_external_upload_leave_one_staged_package_on_postgresql" />
    </UnitTest>
    <UnitTest name="AeroLink.Infrastructure.Tests.ProjectSetupPostgresQualificationTests.Migration_draft_reload_and_concurrent_edit_are_durable_on_postgresql" storage="c:\sean project\rmt-1040-worktree\product\tests\aerolink.infrastructure.tests\bin\release\net10.0\aerolink.infrastructure.tests.dll" id="13c22eb6-748c-ce9c-6cfb-da3550210596">
      <Execution id="6d6e1723-11f9-4d53-9d1f-2136766c51ad" />
      <TestMethod codeBase="C:\Sean Project\RMT-1040-worktree\product\tests\AeroLink.Infrastructure.Tests\bin\Release\net10.0\AeroLink.Infrastructure.Tests.dll" adapterTypeName="executor://xunit/VsTestRunner3/netcore/" className="AeroLink.Infrastructure.Tests.ProjectSetupPostgresQualificationTests" name="Migration_draft_reload_and_concurrent_edit_are_durable_on_postgresql" />
    </UnitTest>
    <UnitTest name="AeroLink.Infrastructure.Tests.ProjectSetupPostgresQualificationTests.Competing_finalizers_and_lost_committed_result_recover_one_project_on_postgresql" storage="c:\sean project\rmt-1040-worktree\product\tests\aerolink.infrastructure.tests\bin\release\net10.0\aerolink.infrastructure.tests.dll" id="49cb47b8-eecf-f795-ea07-50b84893c9a8">
      <Execution id="9c38aa5b-437b-4690-b971-5e46cfda0ae8" />
      <TestMethod codeBase="C:\Sean Project\RMT-1040-worktree\product\tests\AeroLink.Infrastructure.Tests\bin\Release\net10.0\AeroLink.Infrastructure.Tests.dll" adapterTypeName="executor://xunit/VsTestRunner3/netcore/" className="AeroLink.Infrastructure.Tests.ProjectSetupPostgresQualificationTests" name="Competing_finalizers_and_lost_committed_result_recover_one_project_on_postgresql" />
    </UnitTest>
    <UnitTest name="AeroLink.Infrastructure.Tests.ProjectSetupPostgresQualificationTests.Interrupted_finalization_rolls_back_claim_and_structure_before_retry_on_postgresql" storage="c:\sean project\rmt-1040-worktree\product\tests\aerolink.infrastructure.tests\bin\release\net10.0\aerolink.infrastructure.tests.dll" id="49b79990-08a9-531c-f175-a7936c7e9b2b">
      <Execution id="19720fc4-fb1e-4ea3-a502-8e69374927a2" />
      <TestMethod codeBase="C:\Sean Project\RMT-1040-worktree\product\tests\AeroLink.Infrastructure.Tests\bin\Release\net10.0\AeroLink.Infrastructure.Tests.dll" adapterTypeName="executor://xunit/VsTestRunner3/netcore/" className="AeroLink.Infrastructure.Tests.ProjectSetupPostgresQualificationTests" name="Interrupted_finalization_rolls_back_claim_and_structure_before_retry_on_postgresql" />
    </UnitTest>
    <UnitTest name="AeroLink.Infrastructure.Tests.ProjectSetupPostgresQualificationTests.Concurrent_source_mapping_and_reconcile_return_one_conflict_and_preserve_reconciled_package_on_postgresql" storage="c:\sean project\rmt-1040-worktree\product\tests\aerolink.infrastructure.tests\bin\release\net10.0\aerolink.infrastructure.tests.dll" id="e12221cf-5246-d53e-5a46-7541f60ac735">
      <Execution id="33535730-620c-4737-9f8d-e2e201f836a0" />
      <TestMethod codeBase="C:\Sean Project\RMT-1040-worktree\product\tests\AeroLink.Infrastructure.Tests\bin\Release\net10.0\AeroLink.Infrastructure.Tests.dll" adapterTypeName="executor://xunit/VsTestRunner3/netcore/" className="AeroLink.Infrastructure.Tests.ProjectSetupPostgresQualificationTests" name="Concurrent_source_mapping_and_reconcile_return_one_conflict_and_preserve_reconciled_package_on_postgresql" />
    </UnitTest>
    <UnitTest name="AeroLink.Infrastructure.Tests.ProjectSetupPostgresQualificationTests.Native_capture_survives_restart_and_competing_finalization_on_postgresql" storage="c:\sean project\rmt-1040-worktree\product\tests\aerolink.infrastructure.tests\bin\release\net10.0\aerolink.infrastructure.tests.dll" id="8bb65f82-edbe-274a-0a6e-561c49aa274d">
      <Execution id="8b2f33e4-d501-4eea-b8a3-be7128a74958" />
      <TestMethod codeBase="C:\Sean Project\RMT-1040-worktree\product\tests\AeroLink.Infrastructure.Tests\bin\Release\net10.0\AeroLink.Infrastructure.Tests.dll" adapterTypeName="executor://xunit/VsTestRunner3/netcore/" className="AeroLink.Infrastructure.Tests.ProjectSetupPostgresQualificationTests" name="Native_capture_survives_restart_and_competing_finalization_on_postgresql" />
    </UnitTest>
    <UnitTest name="AeroLink.Infrastructure.Tests.ProjectSetupPostgresQualificationTests.Repository_verification_migration_preserves_legacy_null_facts_and_new_identity_snapshots" storage="c:\sean project\rmt-1040-worktree\product\tests\aerolink.infrastructure.tests\bin\release\net10.0\aerolink.infrastructure.tests.dll" id="a10bfc7d-62d1-676c-6593-a9957f706e3b">
      <Execution id="b1338cb1-6518-43a9-a5a0-d64f3efa5e47" />
      <TestMethod codeBase="C:\Sean Project\RMT-1040-worktree\product\tests\AeroLink.Infrastructure.Tests\bin\Release\net10.0\AeroLink.Infrastructure.Tests.dll" adapterTypeName="executor://xunit/VsTestRunner3/netcore/" className="AeroLink.Infrastructure.Tests.ProjectSetupPostgresQualificationTests" name="Repository_verification_migration_preserves_legacy_null_facts_and_new_identity_snapshots" />
    </UnitTest>
    <UnitTest name="AeroLink.Infrastructure.Tests.ProjectSetupPostgresQualificationTests.Inception_baseline_identity_migration_backfills_existing_drafts_before_unique_constraint" storage="c:\sean project\rmt-1040-worktree\product\tests\aerolink.infrastructure.tests\bin\release\net10.0\aerolink.infrastructure.tests.dll" id="fb15477e-81c5-1a8c-501d-d76d3bdd94f5">
      <Execution id="ef057923-2d65-46c5-a3f7-ae084f4e0b02" />
      <TestMethod codeBase="C:\Sean Project\RMT-1040-worktree\product\tests\AeroLink.Infrastructure.Tests\bin\Release\net10.0\AeroLink.Infrastructure.Tests.dll" adapterTypeName="executor://xunit/VsTestRunner3/netcore/" className="AeroLink.Infrastructure.Tests.ProjectSetupPostgresQualificationTests" name="Inception_baseline_identity_migration_backfills_existing_drafts_before_unique_constraint" />
    </UnitTest>
    <UnitTest name="AeroLink.Infrastructure.Tests.ProjectSetupPostgresQualificationTests.Inception_uploads_survive_provider_restart_and_replay_for_all_external_formats_on_postgresql" storage="c:\sean project\rmt-1040-worktree\product\tests\aerolink.infrastructure.tests\bin\release\net10.0\aerolink.infrastructure.tests.dll" id="5a0de47e-3ac7-a05f-b472-ab9b9b833aeb">
      <Execution id="94379bd8-a124-41fe-9caf-e40839cbbb05" />
      <TestMethod codeBase="C:\Sean Project\RMT-1040-worktree\product\tests\AeroLink.Infrastructure.Tests\bin\Release\net10.0\AeroLink.Infrastructure.Tests.dll" adapterTypeName="executor://xunit/VsTestRunner3/netcore/" className="AeroLink.Infrastructure.Tests.ProjectSetupPostgresQualificationTests" name="Inception_uploads_survive_provider_restart_and_replay_for_all_external_formats_on_postgresql" />
    </UnitTest>
  </TestDefinitions>
  <TestEntries>
    <TestEntry testId="fb15477e-81c5-1a8c-501d-d76d3bdd94f5" executionId="ef057923-2d65-46c5-a3f7-ae084f4e0b02" testListId="8c84fa94-04c1-424b-9868-57a2d4851a1d" />
    <TestEntry testId="3f7535a4-0c84-70fb-7606-7d24fc487109" executionId="2eed26c5-e4cb-4236-bfc9-7b4c79621f94" testListId="8c84fa94-04c1-424b-9868-57a2d4851a1d" />
    <TestEntry testId="13c22eb6-748c-ce9c-6cfb-da3550210596" executionId="6d6e1723-11f9-4d53-9d1f-2136766c51ad" testListId="8c84fa94-04c1-424b-9868-57a2d4851a1d" />
    <TestEntry testId="242380b7-4dc3-93ff-7fa5-ab7dffc58f2c" executionId="fff3d13d-dc60-4a16-bb36-2ff608202d1f" testListId="8c84fa94-04c1-424b-9868-57a2d4851a1d" />
    <TestEntry testId="e12221cf-5246-d53e-5a46-7541f60ac735" executionId="33535730-620c-4737-9f8d-e2e201f836a0" testListId="8c84fa94-04c1-424b-9868-57a2d4851a1d" />
    <TestEntry testId="49cb47b8-eecf-f795-ea07-50b84893c9a8" executionId="9c38aa5b-437b-4690-b971-5e46cfda0ae8" testListId="8c84fa94-04c1-424b-9868-57a2d4851a1d" />
    <TestEntry testId="06876892-1332-3940-aa32-320a979ca62f" executionId="f96de2c7-2c03-47e4-affb-0e67fdf1a920" testListId="8c84fa94-04c1-424b-9868-57a2d4851a1d" />
    <TestEntry testId="5a0de47e-3ac7-a05f-b472-ab9b9b833aeb" executionId="94379bd8-a124-41fe-9caf-e40839cbbb05" testListId="8c84fa94-04c1-424b-9868-57a2d4851a1d" />
    <TestEntry testId="a10bfc7d-62d1-676c-6593-a9957f706e3b" executionId="b1338cb1-6518-43a9-a5a0-d64f3efa5e47" testListId="8c84fa94-04c1-424b-9868-57a2d4851a1d" />
    <TestEntry testId="8bb65f82-edbe-274a-0a6e-561c49aa274d" executionId="8b2f33e4-d501-4eea-b8a3-be7128a74958" testListId="8c84fa94-04c1-424b-9868-57a2d4851a1d" />
    <TestEntry testId="49b79990-08a9-531c-f175-a7936c7e9b2b" executionId="19720fc4-fb1e-4ea3-a502-8e69374927a2" testListId="8c84fa94-04c1-424b-9868-57a2d4851a1d" />
  </TestEntries>
  <TestLists>
    <TestList name="Results Not in a List" id="8c84fa94-04c1-424b-9868-57a2d4851a1d" />
    <TestList name="All Loaded Results" id="19431567-8539-422a-85d7-44ee4e166bda" />
  </TestLists>
  <ResultSummary outcome="Completed">
    <Counters total="11" executed="11" passed="11" failed="0" error="0" timeout="0" aborted="0" inconclusive="0" passedButRunAborted="0" notRunnable="0" notExecuted="0" disconnected="0" warning="0" completed="0" inProgress="0" pending="0" />
    <Output>
      <StdOut>[xUnit.net 00:00:00.00] xUnit.net VSTest Adapter v3.1.4+50e68bbb8b (64-bit .NET 10.0.9)&#xD;
[xUnit.net 00:00:00.65]   Discovering: AeroLink.Infrastructure.Tests&#xD;
[xUnit.net 00:00:00.78]   Discovered:  AeroLink.Infrastructure.Tests&#xD;
[xUnit.net 00:00:00.80]   Starting:    AeroLink.Infrastructure.Tests&#xD;
[xUnit.net 00:01:01.75]   Finished:    AeroLink.Infrastructure.Tests&#xD;
</StdOut>
    </Output>
    <RunInfos>
      <RunInfo computerName="UPSTAIRSMCCARTH" outcome="Warning" timestamp="2026-09-21T10:26:35.9635518-04:00">
        <Text>Data collector 'Blame' message: All tests finished running, Sequence file will not be generated.</Text>
      </RunInfo>
    </RunInfos>
  </ResultSummary>
</TestRun>