<?xml version="1.0" encoding="utf-8"?>
<TestRun id="055412c0-6553-4a7e-b8ea-4e91bdbf2e87" name="seanm@UPSTAIRSMCCARTH 2026-09-22 12:16:04" runUser="UPSTAIRSMCCARTH\seanm" xmlns="http://microsoft.com/schemas/VisualStudio/TeamTest/2010">
  <Times creation="2026-09-22T12:16:04.6418345-04:00" queuing="2026-09-22T12:16:04.6418348-04:00" start="2026-09-22T12:15:39.9365179-04:00" finish="2026-09-22T12:16:57.8539293-04:00" />
  <TestSettings name="default" id="96667dd2-5a17-4354-b022-47a99babcfd4">
    <Deployment runDeploymentRoot="seanm_UPSTAIRSMCCARTH_2026-09-22_12_16_04" />
  </TestSettings>
  <Results>
    <UnitTestResult executionId="0dea793a-e7cf-4b14-b253-1ebab08e727b" testId="49cb47b8-eecf-f795-ea07-50b84893c9a8" testName="AeroLink.Infrastructure.Tests.ProjectSetupPostgresQualificationTests.Competing_finalizers_and_lost_committed_result_recover_one_project_on_postgresql" computerName="UPSTAIRSMCCARTH" duration="00:00:04.8769829" startTime="2026-09-22T12:16:29.6020654-04:00" endTime="2026-09-22T12:16:34.4711845-04:00" testType="13cdc9d9-ddb5-4fa4-a97d-d965ccfc6d4b" outcome="Passed" testListId="8c84fa94-04c1-424b-9868-57a2d4851a1d" relativeResultsDirectory="0dea793a-e7cf-4b14-b253-1ebab08e727b" />
    <UnitTestResult executionId="f623aef2-f0f0-4896-86e1-242ed6a772f4" testId="3f7535a4-0c84-70fb-7606-7d24fc487109" testName="AeroLink.Infrastructure.Tests.ProjectSetupPostgresQualificationTests.Canonical_release_keyset_pages_preserve_historical_versions_on_postgresql" computerName="UPSTAIRSMCCARTH" duration="00:00:22.5898524" startTime="2026-09-22T12:15:42.0323602-04:00" endTime="2026-09-22T12:16:04.5961479-04:00" testType="13cdc9d9-ddb5-4fa4-a97d-d965ccfc6d4b" outcome="Passed" testListId="8c84fa94-04c1-424b-9868-57a2d4851a1d" relativeResultsDirectory="f623aef2-f0f0-4896-86e1-242ed6a772f4" />
    <UnitTestResult executionId="aa8aa002-da9a-4856-828e-e27c79655dad" testId="5a0de47e-3ac7-a05f-b472-ab9b9b833aeb" testName="AeroLink.Infrastructure.Tests.ProjectSetupPostgresQualificationTests.Inception_uploads_survive_provider_restart_and_replay_for_all_external_formats_on_postgresql" computerName="UPSTAIRSMCCARTH" duration="00:00:06.3590206" startTime="2026-09-22T12:16:23.2363196-04:00" endTime="2026-09-22T12:16:29.5933775-04:00" testType="13cdc9d9-ddb5-4fa4-a97d-d965ccfc6d4b" outcome="Passed" testListId="8c84fa94-04c1-424b-9868-57a2d4851a1d" relativeResultsDirectory="aa8aa002-da9a-4856-828e-e27c79655dad" />
    <UnitTestResult executionId="91a80734-fa5a-41c7-b8b5-e9b5abe84c24" testId="242380b7-4dc3-93ff-7fa5-ab7dffc58f2c" testName="AeroLink.Infrastructure.Tests.ProjectSetupPostgresQualificationTests.Concurrent_identical_external_uploads_are_normalized_to_one_package_and_one_conflict_on_postgresql" computerName="UPSTAIRSMCCARTH" duration="00:00:04.2926261" startTime="2026-09-22T12:16:44.0514305-04:00" endTime="2026-09-22T12:16:48.3427360-04:00" testType="13cdc9d9-ddb5-4fa4-a97d-d965ccfc6d4b" outcome="Passed" testListId="8c84fa94-04c1-424b-9868-57a2d4851a1d" relativeResultsDirectory="91a80734-fa5a-41c7-b8b5-e9b5abe84c24" />
    <UnitTestResult executionId="50b077c2-e824-4a97-85a7-d4a7188a97fc" testId="13c22eb6-748c-ce9c-6cfb-da3550210596" testName="AeroLink.Infrastructure.Tests.ProjectSetupPostgresQualificationTests.Migration_draft_reload_and_concurrent_edit_are_durable_on_postgresql" computerName="UPSTAIRSMCCARTH" duration="00:00:04.8540034" startTime="2026-09-22T12:16:13.2755832-04:00" endTime="2026-09-22T12:16:18.1263239-04:00" testType="13cdc9d9-ddb5-4fa4-a97d-d965ccfc6d4b" outcome="Passed" testListId="8c84fa94-04c1-424b-9868-57a2d4851a1d" relativeResultsDirectory="50b077c2-e824-4a97-85a7-d4a7188a97fc" />
    <UnitTestResult executionId="5d1c8fa2-5a70-42e0-bbc2-4d1ed7f3c5d6" testId="e12221cf-5246-d53e-5a46-7541f60ac735" testName="AeroLink.Infrastructure.Tests.ProjectSetupPostgresQualificationTests.Concurrent_source_mapping_and_reconcile_return_one_conflict_and_preserve_reconciled_package_on_postgresql" computerName="UPSTAIRSMCCARTH" duration="00:00:05.1067605" startTime="2026-09-22T12:16:18.1305601-04:00" endTime="2026-09-22T12:16:23.2340179-04:00" testType="13cdc9d9-ddb5-4fa4-a97d-d965ccfc6d4b" outcome="Passed" testListId="8c84fa94-04c1-424b-9868-57a2d4851a1d" relativeResultsDirectory="5d1c8fa2-5a70-42e0-bbc2-4d1ed7f3c5d6" />
    <UnitTestResult executionId="3db82de9-9061-4c03-acae-6279ba5a3abc" testId="fb15477e-81c5-1a8c-501d-d76d3bdd94f5" testName="AeroLink.Infrastructure.Tests.ProjectSetupPostgresQualificationTests.Inception_baseline_identity_migration_backfills_existing_drafts_before_unique_constraint" computerName="UPSTAIRSMCCARTH" duration="00:00:04.3511825" startTime="2026-09-22T12:16:39.7003458-04:00" endTime="2026-09-22T12:16:44.0496656-04:00" testType="13cdc9d9-ddb5-4fa4-a97d-d965ccfc6d4b" outcome="Passed" testListId="8c84fa94-04c1-424b-9868-57a2d4851a1d" relativeResultsDirectory="3db82de9-9061-4c03-acae-6279ba5a3abc" />
    <UnitTestResult executionId="f35109b0-240e-47d0-82d0-91c8553e8bff" testId="49b79990-08a9-531c-f175-a7936c7e9b2b" testName="AeroLink.Infrastructure.Tests.ProjectSetupPostgresQualificationTests.Interrupted_finalization_rolls_back_claim_and_structure_before_retry_on_postgresql" computerName="UPSTAIRSMCCARTH" duration="00:00:08.6734785" startTime="2026-09-22T12:16:04.6257236-04:00" endTime="2026-09-22T12:16:13.2715467-04:00" testType="13cdc9d9-ddb5-4fa4-a97d-d965ccfc6d4b" outcome="Passed" testListId="8c84fa94-04c1-424b-9868-57a2d4851a1d" relativeResultsDirectory="f35109b0-240e-47d0-82d0-91c8553e8bff" />
    <UnitTestResult executionId="d43252e5-48a2-4f61-8483-ad76ae67e929" testId="06876892-1332-3940-aa32-320a979ca62f" testName="AeroLink.Infrastructure.Tests.ProjectSetupPostgresQualificationTests.Concurrent_native_capture_and_external_upload_leave_one_staged_package_on_postgresql" computerName="UPSTAIRSMCCARTH" duration="00:00:04.7353216" startTime="2026-09-22T12:16:52.9649187-04:00" endTime="2026-09-22T12:16:57.6976742-04:00" testType="13cdc9d9-ddb5-4fa4-a97d-d965ccfc6d4b" outcome="Passed" testListId="8c84fa94-04c1-424b-9868-57a2d4851a1d" relativeResultsDirectory="d43252e5-48a2-4f61-8483-ad76ae67e929" />
    <UnitTestResult executionId="8465775c-fc0f-40e0-b6c0-802ea13b2872" testId="a10bfc7d-62d1-676c-6593-a9957f706e3b" testName="AeroLink.Infrastructure.Tests.ProjectSetupPostgresQualificationTests.Repository_verification_migration_preserves_legacy_null_facts_and_new_identity_snapshots" computerName="UPSTAIRSMCCARTH" duration="00:00:04.6189355" startTime="2026-09-22T12:16:48.3450499-04:00" endTime="2026-09-22T12:16:52.9619876-04:00" testType="13cdc9d9-ddb5-4fa4-a97d-d965ccfc6d4b" outcome="Passed" testListId="8c84fa94-04c1-424b-9868-57a2d4851a1d" relativeResultsDirectory="8465775c-fc0f-40e0-b6c0-802ea13b2872" />
    <UnitTestResult executionId="55efc4e6-063c-4aa0-8e99-af861ad873b9" testId="8bb65f82-edbe-274a-0a6e-561c49aa274d" testName="AeroLink.Infrastructure.Tests.ProjectSetupPostgresQualificationTests.Native_capture_survives_restart_and_competing_finalization_on_postgresql" computerName="UPSTAIRSMCCARTH" duration="00:00:05.2263942" startTime="2026-09-22T12:16:34.4741101-04:00" endTime="2026-09-22T12:16:39.6980860-04:00" testType="13cdc9d9-ddb5-4fa4-a97d-d965ccfc6d4b" outcome="Passed" testListId="8c84fa94-04c1-424b-9868-57a2d4851a1d" relativeResultsDirectory="55efc4e6-063c-4aa0-8e99-af861ad873b9" />
  </Results>
  <TestDefinitions>
    <UnitTest name="AeroLink.Infrastructure.Tests.ProjectSetupPostgresQualificationTests.Concurrent_identical_external_uploads_are_normalized_to_one_package_and_one_conflict_on_postgresql" storage="c:\sean project\rmt-1040-worktree\product\tests\aerolink.infrastructure.tests\bin\release\net10.0\aerolink.infrastructure.tests.dll" id="242380b7-4dc3-93ff-7fa5-ab7dffc58f2c">
      <Execution id="91a80734-fa5a-41c7-b8b5-e9b5abe84c24" />
      <TestMethod codeBase="C:\Sean Project\RMT-1040-worktree\product\tests\AeroLink.Infrastructure.Tests\bin\Release\net10.0\AeroLink.Infrastructure.Tests.dll" adapterTypeName="executor://xunit/VsTestRunner3/netcore/" className="AeroLink.Infrastructure.Tests.ProjectSetupPostgresQualificationTests" name="Concurrent_identical_external_uploads_are_normalized_to_one_package_and_one_conflict_on_postgresql" />
    </UnitTest>
    <UnitTest name="AeroLink.Infrastructure.Tests.ProjectSetupPostgresQualificationTests.Canonical_release_keyset_pages_preserve_historical_versions_on_postgresql" storage="c:\sean project\rmt-1040-worktree\product\tests\aerolink.infrastructure.tests\bin\release\net10.0\aerolink.infrastructure.tests.dll" id="3f7535a4-0c84-70fb-7606-7d24fc487109">
      <Execution id="f623aef2-f0f0-4896-86e1-242ed6a772f4" />
      <TestMethod codeBase="C:\Sean Project\RMT-1040-worktree\product\tests\AeroLink.Infrastructure.Tests\bin\Release\net10.0\AeroLink.Infrastructure.Tests.dll" adapterTypeName="executor://xunit/VsTestRunner3/netcore/" className="AeroLink.Infrastructure.Tests.ProjectSetupPostgresQualificationTests" name="Canonical_release_keyset_pages_preserve_historical_versions_on_postgresql" />
    </UnitTest>
    <UnitTest name="AeroLink.Infrastructure.Tests.ProjectSetupPostgresQualificationTests.Concurrent_native_capture_and_external_upload_leave_one_staged_package_on_postgresql" storage="c:\sean project\rmt-1040-worktree\product\tests\aerolink.infrastructure.tests\bin\release\net10.0\aerolink.infrastructure.tests.dll" id="06876892-1332-3940-aa32-320a979ca62f">
      <Execution id="d43252e5-48a2-4f61-8483-ad76ae67e929" />
      <TestMethod codeBase="C:\Sean Project\RMT-1040-worktree\product\tests\AeroLink.Infrastructure.Tests\bin\Release\net10.0\AeroLink.Infrastructure.Tests.dll" adapterTypeName="executor://xunit/VsTestRunner3/netcore/" className="AeroLink.Infrastructure.Tests.ProjectSetupPostgresQualificationTests" name="Concurrent_native_capture_and_external_upload_leave_one_staged_package_on_postgresql" />
    </UnitTest>
    <UnitTest name="AeroLink.Infrastructure.Tests.ProjectSetupPostgresQualificationTests.Migration_draft_reload_and_concurrent_edit_are_durable_on_postgresql" storage="c:\sean project\rmt-1040-worktree\product\tests\aerolink.infrastructure.tests\bin\release\net10.0\aerolink.infrastructure.tests.dll" id="13c22eb6-748c-ce9c-6cfb-da3550210596">
      <Execution id="50b077c2-e824-4a97-85a7-d4a7188a97fc" />
      <TestMethod codeBase="C:\Sean Project\RMT-1040-worktree\product\tests\AeroLink.Infrastructure.Tests\bin\Release\net10.0\AeroLink.Infrastructure.Tests.dll" adapterTypeName="executor://xunit/VsTestRunner3/netcore/" className="AeroLink.Infrastructure.Tests.ProjectSetupPostgresQualificationTests" name="Migration_draft_reload_and_concurrent_edit_are_durable_on_postgresql" />
    </UnitTest>
    <UnitTest name="AeroLink.Infrastructure.Tests.ProjectSetupPostgresQualificationTests.Competing_finalizers_and_lost_committed_result_recover_one_project_on_postgresql" storage="c:\sean project\rmt-1040-worktree\product\tests\aerolink.infrastructure.tests\bin\release\net10.0\aerolink.infrastructure.tests.dll" id="49cb47b8-eecf-f795-ea07-50b84893c9a8">
      <Execution id="0dea793a-e7cf-4b14-b253-1ebab08e727b" />
      <TestMethod codeBase="C:\Sean Project\RMT-1040-worktree\product\tests\AeroLink.Infrastructure.Tests\bin\Release\net10.0\AeroLink.Infrastructure.Tests.dll" adapterTypeName="executor://xunit/VsTestRunner3/netcore/" className="AeroLink.Infrastructure.Tests.ProjectSetupPostgresQualificationTests" name="Competing_finalizers_and_lost_committed_result_recover_one_project_on_postgresql" />
    </UnitTest>
    <UnitTest name="AeroLink.Infrastructure.Tests.ProjectSetupPostgresQualificationTests.Interrupted_finalization_rolls_back_claim_and_structure_before_retry_on_postgresql" storage="c:\sean project\rmt-1040-worktree\product\tests\aerolink.infrastructure.tests\bin\release\net10.0\aerolink.infrastructure.tests.dll" id="49b79990-08a9-531c-f175-a7936c7e9b2b">
      <Execution id="f35109b0-240e-47d0-82d0-91c8553e8bff" />
      <TestMethod codeBase="C:\Sean Project\RMT-1040-worktree\product\tests\AeroLink.Infrastructure.Tests\bin\Release\net10.0\AeroLink.Infrastructure.Tests.dll" adapterTypeName="executor://xunit/VsTestRunner3/netcore/" className="AeroLink.Infrastructure.Tests.ProjectSetupPostgresQualificationTests" name="Interrupted_finalization_rolls_back_claim_and_structure_before_retry_on_postgresql" />
    </UnitTest>
    <UnitTest name="AeroLink.Infrastructure.Tests.ProjectSetupPostgresQualificationTests.Concurrent_source_mapping_and_reconcile_return_one_conflict_and_preserve_reconciled_package_on_postgresql" storage="c:\sean project\rmt-1040-worktree\product\tests\aerolink.infrastructure.tests\bin\release\net10.0\aerolink.infrastructure.tests.dll" id="e12221cf-5246-d53e-5a46-7541f60ac735">
      <Execution id="5d1c8fa2-5a70-42e0-bbc2-4d1ed7f3c5d6" />
      <TestMethod codeBase="C:\Sean Project\RMT-1040-worktree\product\tests\AeroLink.Infrastructure.Tests\bin\Release\net10.0\AeroLink.Infrastructure.Tests.dll" adapterTypeName="executor://xunit/VsTestRunner3/netcore/" className="AeroLink.Infrastructure.Tests.ProjectSetupPostgresQualificationTests" name="Concurrent_source_mapping_and_reconcile_return_one_conflict_and_preserve_reconciled_package_on_postgresql" />
    </UnitTest>
    <UnitTest name="AeroLink.Infrastructure.Tests.ProjectSetupPostgresQualificationTests.Native_capture_survives_restart_and_competing_finalization_on_postgresql" storage="c:\sean project\rmt-1040-worktree\product\tests\aerolink.infrastructure.tests\bin\release\net10.0\aerolink.infrastructure.tests.dll" id="8bb65f82-edbe-274a-0a6e-561c49aa274d">
      <Execution id="55efc4e6-063c-4aa0-8e99-af861ad873b9" />
      <TestMethod codeBase="C:\Sean Project\RMT-1040-worktree\product\tests\AeroLink.Infrastructure.Tests\bin\Release\net10.0\AeroLink.Infrastructure.Tests.dll" adapterTypeName="executor://xunit/VsTestRunner3/netcore/" className="AeroLink.Infrastructure.Tests.ProjectSetupPostgresQualificationTests" name="Native_capture_survives_restart_and_competing_finalization_on_postgresql" />
    </UnitTest>
    <UnitTest name="AeroLink.Infrastructure.Tests.ProjectSetupPostgresQualificationTests.Repository_verification_migration_preserves_legacy_null_facts_and_new_identity_snapshots" storage="c:\sean project\rmt-1040-worktree\product\tests\aerolink.infrastructure.tests\bin\release\net10.0\aerolink.infrastructure.tests.dll" id="a10bfc7d-62d1-676c-6593-a9957f706e3b">
      <Execution id="8465775c-fc0f-40e0-b6c0-802ea13b2872" />
      <TestMethod codeBase="C:\Sean Project\RMT-1040-worktree\product\tests\AeroLink.Infrastructure.Tests\bin\Release\net10.0\AeroLink.Infrastructure.Tests.dll" adapterTypeName="executor://xunit/VsTestRunner3/netcore/" className="AeroLink.Infrastructure.Tests.ProjectSetupPostgresQualificationTests" name="Repository_verification_migration_preserves_legacy_null_facts_and_new_identity_snapshots" />
    </UnitTest>
    <UnitTest name="AeroLink.Infrastructure.Tests.ProjectSetupPostgresQualificationTests.Inception_baseline_identity_migration_backfills_existing_drafts_before_unique_constraint" storage="c:\sean project\rmt-1040-worktree\product\tests\aerolink.infrastructure.tests\bin\release\net10.0\aerolink.infrastructure.tests.dll" id="fb15477e-81c5-1a8c-501d-d76d3bdd94f5">
      <Execution id="3db82de9-9061-4c03-acae-6279ba5a3abc" />
      <TestMethod codeBase="C:\Sean Project\RMT-1040-worktree\product\tests\AeroLink.Infrastructure.Tests\bin\Release\net10.0\AeroLink.Infrastructure.Tests.dll" adapterTypeName="executor://xunit/VsTestRunner3/netcore/" className="AeroLink.Infrastructure.Tests.ProjectSetupPostgresQualificationTests" name="Inception_baseline_identity_migration_backfills_existing_drafts_before_unique_constraint" />
    </UnitTest>
    <UnitTest name="AeroLink.Infrastructure.Tests.ProjectSetupPostgresQualificationTests.Inception_uploads_survive_provider_restart_and_replay_for_all_external_formats_on_postgresql" storage="c:\sean project\rmt-1040-worktree\product\tests\aerolink.infrastructure.tests\bin\release\net10.0\aerolink.infrastructure.tests.dll" id="5a0de47e-3ac7-a05f-b472-ab9b9b833aeb">
      <Execution id="aa8aa002-da9a-4856-828e-e27c79655dad" />
      <TestMethod codeBase="C:\Sean Project\RMT-1040-worktree\product\tests\AeroLink.Infrastructure.Tests\bin\Release\net10.0\AeroLink.Infrastructure.Tests.dll" adapterTypeName="executor://xunit/VsTestRunner3/netcore/" className="AeroLink.Infrastructure.Tests.ProjectSetupPostgresQualificationTests" name="Inception_uploads_survive_provider_restart_and_replay_for_all_external_formats_on_postgresql" />
    </UnitTest>
  </TestDefinitions>
  <TestEntries>
    <TestEntry testId="49cb47b8-eecf-f795-ea07-50b84893c9a8" executionId="0dea793a-e7cf-4b14-b253-1ebab08e727b" testListId="8c84fa94-04c1-424b-9868-57a2d4851a1d" />
    <TestEntry testId="3f7535a4-0c84-70fb-7606-7d24fc487109" executionId="f623aef2-f0f0-4896-86e1-242ed6a772f4" testListId="8c84fa94-04c1-424b-9868-57a2d4851a1d" />
    <TestEntry testId="5a0de47e-3ac7-a05f-b472-ab9b9b833aeb" executionId="aa8aa002-da9a-4856-828e-e27c79655dad" testListId="8c84fa94-04c1-424b-9868-57a2d4851a1d" />
    <TestEntry testId="242380b7-4dc3-93ff-7fa5-ab7dffc58f2c" executionId="91a80734-fa5a-41c7-b8b5-e9b5abe84c24" testListId="8c84fa94-04c1-424b-9868-57a2d4851a1d" />
    <TestEntry testId="13c22eb6-748c-ce9c-6cfb-da3550210596" executionId="50b077c2-e824-4a97-85a7-d4a7188a97fc" testListId="8c84fa94-04c1-424b-9868-57a2d4851a1d" />
    <TestEntry testId="e12221cf-5246-d53e-5a46-7541f60ac735" executionId="5d1c8fa2-5a70-42e0-bbc2-4d1ed7f3c5d6" testListId="8c84fa94-04c1-424b-9868-57a2d4851a1d" />
    <TestEntry testId="fb15477e-81c5-1a8c-501d-d76d3bdd94f5" executionId="3db82de9-9061-4c03-acae-6279ba5a3abc" testListId="8c84fa94-04c1-424b-9868-57a2d4851a1d" />
    <TestEntry testId="49b79990-08a9-531c-f175-a7936c7e9b2b" executionId="f35109b0-240e-47d0-82d0-91c8553e8bff" testListId="8c84fa94-04c1-424b-9868-57a2d4851a1d" />
    <TestEntry testId="06876892-1332-3940-aa32-320a979ca62f" executionId="d43252e5-48a2-4f61-8483-ad76ae67e929" testListId="8c84fa94-04c1-424b-9868-57a2d4851a1d" />
    <TestEntry testId="a10bfc7d-62d1-676c-6593-a9957f706e3b" executionId="8465775c-fc0f-40e0-b6c0-802ea13b2872" testListId="8c84fa94-04c1-424b-9868-57a2d4851a1d" />
    <TestEntry testId="8bb65f82-edbe-274a-0a6e-561c49aa274d" executionId="55efc4e6-063c-4aa0-8e99-af861ad873b9" testListId="8c84fa94-04c1-424b-9868-57a2d4851a1d" />
  </TestEntries>
  <TestLists>
    <TestList name="Results Not in a List" id="8c84fa94-04c1-424b-9868-57a2d4851a1d" />
    <TestList name="All Loaded Results" id="19431567-8539-422a-85d7-44ee4e166bda" />
  </TestLists>
  <ResultSummary outcome="Completed">
    <Counters total="11" executed="11" passed="11" failed="0" error="0" timeout="0" aborted="0" inconclusive="0" passedButRunAborted="0" notRunnable="0" notExecuted="0" disconnected="0" warning="0" completed="0" inProgress="0" pending="0" />
    <Output>
      <StdOut>[xUnit.net 00:00:00.00] xUnit.net VSTest Adapter v3.1.4+50e68bbb8b (64-bit .NET 10.0.9)&#xD;
[xUnit.net 00:00:00.71]   Discovering: AeroLink.Infrastructure.Tests&#xD;
[xUnit.net 00:00:00.88]   Discovered:  AeroLink.Infrastructure.Tests&#xD;
[xUnit.net 00:00:00.90]   Starting:    AeroLink.Infrastructure.Tests&#xD;
[xUnit.net 00:01:16.63]   Finished:    AeroLink.Infrastructure.Tests&#xD;
</StdOut>
    </Output>
    <RunInfos>
      <RunInfo computerName="UPSTAIRSMCCARTH" outcome="Warning" timestamp="2026-09-22T12:16:57.8159240-04:00">
        <Text>Data collector 'Blame' message: All tests finished running, Sequence file will not be generated.</Text>
      </RunInfo>
    </RunInfos>
  </ResultSummary>
</TestRun>