<?xml version="1.0" encoding="utf-8"?>
<TestRun id="b34b5ba1-7181-459c-bf0f-06eca0d1ff0a" name="@vm 2026-09-25 02:59:02" xmlns="http://microsoft.com/schemas/VisualStudio/TeamTest/2010">
  <Times creation="2026-09-25T02:59:02.0190946+00:00" queuing="2026-09-25T02:59:02.0190946+00:00" start="2026-09-25T02:58:33.7198388+00:00" finish="2026-09-25T02:59:55.4122252+00:00" />
  <TestSettings name="default" id="fc666fc3-812f-48ed-8ffe-bbbc93370112">
    <Deployment runDeploymentRoot="_vm_2026-09-25_02_59_02" />
  </TestSettings>
  <Results>
    <UnitTestResult executionId="e3a363b0-0b17-46d1-b673-6d136826851d" testId="fb15477e-81c5-1a8c-501d-d76d3bdd94f5" testName="AeroLink.Infrastructure.Tests.ProjectSetupPostgresQualificationTests.Inception_baseline_identity_migration_backfills_existing_drafts_before_unique_constraint" computerName="vm" duration="00:00:04.3207576" startTime="2026-09-25T02:59:36.4880862+00:00" endTime="2026-09-25T02:59:40.8026630+00:00" testType="13cdc9d9-ddb5-4fa4-a97d-d965ccfc6d4b" outcome="Passed" testListId="8c84fa94-04c1-424b-9868-57a2d4851a1d" relativeResultsDirectory="e3a363b0-0b17-46d1-b673-6d136826851d" />
    <UnitTestResult executionId="76de3daf-446f-42d3-960a-f3694c4e00bd" testId="a10bfc7d-62d1-676c-6593-a9957f706e3b" testName="AeroLink.Infrastructure.Tests.ProjectSetupPostgresQualificationTests.Repository_verification_migration_preserves_legacy_null_facts_and_new_identity_snapshots" computerName="vm" duration="00:00:05.1200523" startTime="2026-09-25T02:59:45.5816549+00:00" endTime="2026-09-25T02:59:50.6975432+00:00" testType="13cdc9d9-ddb5-4fa4-a97d-d965ccfc6d4b" outcome="Passed" testListId="8c84fa94-04c1-424b-9868-57a2d4851a1d" relativeResultsDirectory="76de3daf-446f-42d3-960a-f3694c4e00bd" />
    <UnitTestResult executionId="cbabafdf-72d6-4f17-93d9-e6118bd7bdb5" testId="e12221cf-5246-d53e-5a46-7541f60ac735" testName="AeroLink.Infrastructure.Tests.ProjectSetupPostgresQualificationTests.Concurrent_source_mapping_and_reconcile_return_one_conflict_and_preserve_reconciled_package_on_postgresql" computerName="vm" duration="00:00:04.6924991" startTime="2026-09-25T02:59:16.0880553+00:00" endTime="2026-09-25T02:59:20.7745315+00:00" testType="13cdc9d9-ddb5-4fa4-a97d-d965ccfc6d4b" outcome="Passed" testListId="8c84fa94-04c1-424b-9868-57a2d4851a1d" relativeResultsDirectory="cbabafdf-72d6-4f17-93d9-e6118bd7bdb5" />
    <UnitTestResult executionId="e86d5ca6-15af-4087-96e0-ee027ba27c4f" testId="13c22eb6-748c-ce9c-6cfb-da3550210596" testName="AeroLink.Infrastructure.Tests.ProjectSetupPostgresQualificationTests.Migration_draft_reload_and_concurrent_edit_are_durable_on_postgresql" computerName="vm" duration="00:00:04.5443726" startTime="2026-09-25T02:59:11.5439468+00:00" endTime="2026-09-25T02:59:16.0806454+00:00" testType="13cdc9d9-ddb5-4fa4-a97d-d965ccfc6d4b" outcome="Passed" testListId="8c84fa94-04c1-424b-9868-57a2d4851a1d" relativeResultsDirectory="e86d5ca6-15af-4087-96e0-ee027ba27c4f" />
    <UnitTestResult executionId="0d622cda-3d5e-478e-9eb0-0b16255cddbe" testId="5a0de47e-3ac7-a05f-b472-ab9b9b833aeb" testName="AeroLink.Infrastructure.Tests.ProjectSetupPostgresQualificationTests.Inception_uploads_survive_provider_restart_and_replay_for_all_external_formats_on_postgresql" computerName="vm" duration="00:00:05.9950576" startTime="2026-09-25T02:59:20.7780569+00:00" endTime="2026-09-25T02:59:26.7702233+00:00" testType="13cdc9d9-ddb5-4fa4-a97d-d965ccfc6d4b" outcome="Passed" testListId="8c84fa94-04c1-424b-9868-57a2d4851a1d" relativeResultsDirectory="0d622cda-3d5e-478e-9eb0-0b16255cddbe" />
    <UnitTestResult executionId="b42569eb-b4f5-4fc3-9135-59b7562d78fe" testId="06876892-1332-3940-aa32-320a979ca62f" testName="AeroLink.Infrastructure.Tests.ProjectSetupPostgresQualificationTests.Concurrent_native_capture_and_external_upload_leave_one_staged_package_on_postgresql" computerName="vm" duration="00:00:04.5696711" startTime="2026-09-25T02:59:50.7040193+00:00" endTime="2026-09-25T02:59:55.2680583+00:00" testType="13cdc9d9-ddb5-4fa4-a97d-d965ccfc6d4b" outcome="Passed" testListId="8c84fa94-04c1-424b-9868-57a2d4851a1d" relativeResultsDirectory="b42569eb-b4f5-4fc3-9135-59b7562d78fe" />
    <UnitTestResult executionId="45278ca6-2275-4d22-951c-17675c483837" testId="49b79990-08a9-531c-f175-a7936c7e9b2b" testName="AeroLink.Infrastructure.Tests.ProjectSetupPostgresQualificationTests.Interrupted_finalization_rolls_back_claim_and_structure_before_retry_on_postgresql" computerName="vm" duration="00:00:09.5664167" startTime="2026-09-25T02:59:02.0059506+00:00" endTime="2026-09-25T02:59:11.5352632+00:00" testType="13cdc9d9-ddb5-4fa4-a97d-d965ccfc6d4b" outcome="Passed" testListId="8c84fa94-04c1-424b-9868-57a2d4851a1d" relativeResultsDirectory="45278ca6-2275-4d22-951c-17675c483837" />
    <UnitTestResult executionId="f3171395-ddaa-4c05-a1b5-88142f2e2126" testId="242380b7-4dc3-93ff-7fa5-ab7dffc58f2c" testName="AeroLink.Infrastructure.Tests.ProjectSetupPostgresQualificationTests.Concurrent_identical_external_uploads_are_normalized_to_one_package_and_one_conflict_on_postgresql" computerName="vm" duration="00:00:04.7726013" startTime="2026-09-25T02:59:40.8069897+00:00" endTime="2026-09-25T02:59:45.5762322+00:00" testType="13cdc9d9-ddb5-4fa4-a97d-d965ccfc6d4b" outcome="Passed" testListId="8c84fa94-04c1-424b-9868-57a2d4851a1d" relativeResultsDirectory="f3171395-ddaa-4c05-a1b5-88142f2e2126" />
    <UnitTestResult executionId="59995141-7513-4449-81a1-87fb351e9e72" testId="49cb47b8-eecf-f795-ea07-50b84893c9a8" testName="AeroLink.Infrastructure.Tests.ProjectSetupPostgresQualificationTests.Competing_finalizers_and_lost_committed_result_recover_one_project_on_postgresql" computerName="vm" duration="00:00:04.3125931" startTime="2026-09-25T02:59:26.7753342+00:00" endTime="2026-09-25T02:59:31.0839210+00:00" testType="13cdc9d9-ddb5-4fa4-a97d-d965ccfc6d4b" outcome="Passed" testListId="8c84fa94-04c1-424b-9868-57a2d4851a1d" relativeResultsDirectory="59995141-7513-4449-81a1-87fb351e9e72" />
    <UnitTestResult executionId="61d510f3-129b-4308-802f-bbd2dd551069" testId="8bb65f82-edbe-274a-0a6e-561c49aa274d" testName="AeroLink.Infrastructure.Tests.ProjectSetupPostgresQualificationTests.Native_capture_survives_restart_and_competing_finalization_on_postgresql" computerName="vm" duration="00:00:05.3954899" startTime="2026-09-25T02:59:31.0897941+00:00" endTime="2026-09-25T02:59:36.4811484+00:00" testType="13cdc9d9-ddb5-4fa4-a97d-d965ccfc6d4b" outcome="Passed" testListId="8c84fa94-04c1-424b-9868-57a2d4851a1d" relativeResultsDirectory="61d510f3-129b-4308-802f-bbd2dd551069" />
    <UnitTestResult executionId="33226b89-4025-4436-9ec5-71cf5bc4b019" testId="3f7535a4-0c84-70fb-7606-7d24fc487109" testName="AeroLink.Infrastructure.Tests.ProjectSetupPostgresQualificationTests.Canonical_release_keyset_pages_preserve_historical_versions_on_postgresql" computerName="vm" duration="00:00:27.0789867" startTime="2026-09-25T02:58:34.9217726+00:00" endTime="2026-09-25T02:59:01.9666894+00:00" testType="13cdc9d9-ddb5-4fa4-a97d-d965ccfc6d4b" outcome="Passed" testListId="8c84fa94-04c1-424b-9868-57a2d4851a1d" relativeResultsDirectory="33226b89-4025-4436-9ec5-71cf5bc4b019" />
  </Results>
  <TestDefinitions>
    <UnitTest name="AeroLink.Infrastructure.Tests.ProjectSetupPostgresQualificationTests.Concurrent_identical_external_uploads_are_normalized_to_one_package_and_one_conflict_on_postgresql" storage="/home/user/wt-impl/product/tests/aerolink.infrastructure.tests/bin/release/net10.0/aerolink.infrastructure.tests.dll" id="242380b7-4dc3-93ff-7fa5-ab7dffc58f2c">
      <Execution id="f3171395-ddaa-4c05-a1b5-88142f2e2126" />
      <TestMethod codeBase="/home/user/wt-impl/product/tests/AeroLink.Infrastructure.Tests/bin/Release/net10.0/AeroLink.Infrastructure.Tests.dll" adapterTypeName="executor://xunit/VsTestRunner3/netcore/" className="AeroLink.Infrastructure.Tests.ProjectSetupPostgresQualificationTests" name="Concurrent_identical_external_uploads_are_normalized_to_one_package_and_one_conflict_on_postgresql" />
    </UnitTest>
    <UnitTest name="AeroLink.Infrastructure.Tests.ProjectSetupPostgresQualificationTests.Canonical_release_keyset_pages_preserve_historical_versions_on_postgresql" storage="/home/user/wt-impl/product/tests/aerolink.infrastructure.tests/bin/release/net10.0/aerolink.infrastructure.tests.dll" id="3f7535a4-0c84-70fb-7606-7d24fc487109">
      <Execution id="33226b89-4025-4436-9ec5-71cf5bc4b019" />
      <TestMethod codeBase="/home/user/wt-impl/product/tests/AeroLink.Infrastructure.Tests/bin/Release/net10.0/AeroLink.Infrastructure.Tests.dll" adapterTypeName="executor://xunit/VsTestRunner3/netcore/" className="AeroLink.Infrastructure.Tests.ProjectSetupPostgresQualificationTests" name="Canonical_release_keyset_pages_preserve_historical_versions_on_postgresql" />
    </UnitTest>
    <UnitTest name="AeroLink.Infrastructure.Tests.ProjectSetupPostgresQualificationTests.Concurrent_native_capture_and_external_upload_leave_one_staged_package_on_postgresql" storage="/home/user/wt-impl/product/tests/aerolink.infrastructure.tests/bin/release/net10.0/aerolink.infrastructure.tests.dll" id="06876892-1332-3940-aa32-320a979ca62f">
      <Execution id="b42569eb-b4f5-4fc3-9135-59b7562d78fe" />
      <TestMethod codeBase="/home/user/wt-impl/product/tests/AeroLink.Infrastructure.Tests/bin/Release/net10.0/AeroLink.Infrastructure.Tests.dll" adapterTypeName="executor://xunit/VsTestRunner3/netcore/" className="AeroLink.Infrastructure.Tests.ProjectSetupPostgresQualificationTests" name="Concurrent_native_capture_and_external_upload_leave_one_staged_package_on_postgresql" />
    </UnitTest>
    <UnitTest name="AeroLink.Infrastructure.Tests.ProjectSetupPostgresQualificationTests.Migration_draft_reload_and_concurrent_edit_are_durable_on_postgresql" storage="/home/user/wt-impl/product/tests/aerolink.infrastructure.tests/bin/release/net10.0/aerolink.infrastructure.tests.dll" id="13c22eb6-748c-ce9c-6cfb-da3550210596">
      <Execution id="e86d5ca6-15af-4087-96e0-ee027ba27c4f" />
      <TestMethod codeBase="/home/user/wt-impl/product/tests/AeroLink.Infrastructure.Tests/bin/Release/net10.0/AeroLink.Infrastructure.Tests.dll" adapterTypeName="executor://xunit/VsTestRunner3/netcore/" className="AeroLink.Infrastructure.Tests.ProjectSetupPostgresQualificationTests" name="Migration_draft_reload_and_concurrent_edit_are_durable_on_postgresql" />
    </UnitTest>
    <UnitTest name="AeroLink.Infrastructure.Tests.ProjectSetupPostgresQualificationTests.Competing_finalizers_and_lost_committed_result_recover_one_project_on_postgresql" storage="/home/user/wt-impl/product/tests/aerolink.infrastructure.tests/bin/release/net10.0/aerolink.infrastructure.tests.dll" id="49cb47b8-eecf-f795-ea07-50b84893c9a8">
      <Execution id="59995141-7513-4449-81a1-87fb351e9e72" />
      <TestMethod codeBase="/home/user/wt-impl/product/tests/AeroLink.Infrastructure.Tests/bin/Release/net10.0/AeroLink.Infrastructure.Tests.dll" adapterTypeName="executor://xunit/VsTestRunner3/netcore/" className="AeroLink.Infrastructure.Tests.ProjectSetupPostgresQualificationTests" name="Competing_finalizers_and_lost_committed_result_recover_one_project_on_postgresql" />
    </UnitTest>
    <UnitTest name="AeroLink.Infrastructure.Tests.ProjectSetupPostgresQualificationTests.Interrupted_finalization_rolls_back_claim_and_structure_before_retry_on_postgresql" storage="/home/user/wt-impl/product/tests/aerolink.infrastructure.tests/bin/release/net10.0/aerolink.infrastructure.tests.dll" id="49b79990-08a9-531c-f175-a7936c7e9b2b">
      <Execution id="45278ca6-2275-4d22-951c-17675c483837" />
      <TestMethod codeBase="/home/user/wt-impl/product/tests/AeroLink.Infrastructure.Tests/bin/Release/net10.0/AeroLink.Infrastructure.Tests.dll" adapterTypeName="executor://xunit/VsTestRunner3/netcore/" className="AeroLink.Infrastructure.Tests.ProjectSetupPostgresQualificationTests" name="Interrupted_finalization_rolls_back_claim_and_structure_before_retry_on_postgresql" />
    </UnitTest>
    <UnitTest name="AeroLink.Infrastructure.Tests.ProjectSetupPostgresQualificationTests.Concurrent_source_mapping_and_reconcile_return_one_conflict_and_preserve_reconciled_package_on_postgresql" storage="/home/user/wt-impl/product/tests/aerolink.infrastructure.tests/bin/release/net10.0/aerolink.infrastructure.tests.dll" id="e12221cf-5246-d53e-5a46-7541f60ac735">
      <Execution id="cbabafdf-72d6-4f17-93d9-e6118bd7bdb5" />
      <TestMethod codeBase="/home/user/wt-impl/product/tests/AeroLink.Infrastructure.Tests/bin/Release/net10.0/AeroLink.Infrastructure.Tests.dll" adapterTypeName="executor://xunit/VsTestRunner3/netcore/" className="AeroLink.Infrastructure.Tests.ProjectSetupPostgresQualificationTests" name="Concurrent_source_mapping_and_reconcile_return_one_conflict_and_preserve_reconciled_package_on_postgresql" />
    </UnitTest>
    <UnitTest name="AeroLink.Infrastructure.Tests.ProjectSetupPostgresQualificationTests.Native_capture_survives_restart_and_competing_finalization_on_postgresql" storage="/home/user/wt-impl/product/tests/aerolink.infrastructure.tests/bin/release/net10.0/aerolink.infrastructure.tests.dll" id="8bb65f82-edbe-274a-0a6e-561c49aa274d">
      <Execution id="61d510f3-129b-4308-802f-bbd2dd551069" />
      <TestMethod codeBase="/home/user/wt-impl/product/tests/AeroLink.Infrastructure.Tests/bin/Release/net10.0/AeroLink.Infrastructure.Tests.dll" adapterTypeName="executor://xunit/VsTestRunner3/netcore/" className="AeroLink.Infrastructure.Tests.ProjectSetupPostgresQualificationTests" name="Native_capture_survives_restart_and_competing_finalization_on_postgresql" />
    </UnitTest>
    <UnitTest name="AeroLink.Infrastructure.Tests.ProjectSetupPostgresQualificationTests.Repository_verification_migration_preserves_legacy_null_facts_and_new_identity_snapshots" storage="/home/user/wt-impl/product/tests/aerolink.infrastructure.tests/bin/release/net10.0/aerolink.infrastructure.tests.dll" id="a10bfc7d-62d1-676c-6593-a9957f706e3b">
      <Execution id="76de3daf-446f-42d3-960a-f3694c4e00bd" />
      <TestMethod codeBase="/home/user/wt-impl/product/tests/AeroLink.Infrastructure.Tests/bin/Release/net10.0/AeroLink.Infrastructure.Tests.dll" adapterTypeName="executor://xunit/VsTestRunner3/netcore/" className="AeroLink.Infrastructure.Tests.ProjectSetupPostgresQualificationTests" name="Repository_verification_migration_preserves_legacy_null_facts_and_new_identity_snapshots" />
    </UnitTest>
    <UnitTest name="AeroLink.Infrastructure.Tests.ProjectSetupPostgresQualificationTests.Inception_baseline_identity_migration_backfills_existing_drafts_before_unique_constraint" storage="/home/user/wt-impl/product/tests/aerolink.infrastructure.tests/bin/release/net10.0/aerolink.infrastructure.tests.dll" id="fb15477e-81c5-1a8c-501d-d76d3bdd94f5">
      <Execution id="e3a363b0-0b17-46d1-b673-6d136826851d" />
      <TestMethod codeBase="/home/user/wt-impl/product/tests/AeroLink.Infrastructure.Tests/bin/Release/net10.0/AeroLink.Infrastructure.Tests.dll" adapterTypeName="executor://xunit/VsTestRunner3/netcore/" className="AeroLink.Infrastructure.Tests.ProjectSetupPostgresQualificationTests" name="Inception_baseline_identity_migration_backfills_existing_drafts_before_unique_constraint" />
    </UnitTest>
    <UnitTest name="AeroLink.Infrastructure.Tests.ProjectSetupPostgresQualificationTests.Inception_uploads_survive_provider_restart_and_replay_for_all_external_formats_on_postgresql" storage="/home/user/wt-impl/product/tests/aerolink.infrastructure.tests/bin/release/net10.0/aerolink.infrastructure.tests.dll" id="5a0de47e-3ac7-a05f-b472-ab9b9b833aeb">
      <Execution id="0d622cda-3d5e-478e-9eb0-0b16255cddbe" />
      <TestMethod codeBase="/home/user/wt-impl/product/tests/AeroLink.Infrastructure.Tests/bin/Release/net10.0/AeroLink.Infrastructure.Tests.dll" adapterTypeName="executor://xunit/VsTestRunner3/netcore/" className="AeroLink.Infrastructure.Tests.ProjectSetupPostgresQualificationTests" name="Inception_uploads_survive_provider_restart_and_replay_for_all_external_formats_on_postgresql" />
    </UnitTest>
  </TestDefinitions>
  <TestEntries>
    <TestEntry testId="fb15477e-81c5-1a8c-501d-d76d3bdd94f5" executionId="e3a363b0-0b17-46d1-b673-6d136826851d" testListId="8c84fa94-04c1-424b-9868-57a2d4851a1d" />
    <TestEntry testId="a10bfc7d-62d1-676c-6593-a9957f706e3b" executionId="76de3daf-446f-42d3-960a-f3694c4e00bd" testListId="8c84fa94-04c1-424b-9868-57a2d4851a1d" />
    <TestEntry testId="e12221cf-5246-d53e-5a46-7541f60ac735" executionId="cbabafdf-72d6-4f17-93d9-e6118bd7bdb5" testListId="8c84fa94-04c1-424b-9868-57a2d4851a1d" />
    <TestEntry testId="13c22eb6-748c-ce9c-6cfb-da3550210596" executionId="e86d5ca6-15af-4087-96e0-ee027ba27c4f" testListId="8c84fa94-04c1-424b-9868-57a2d4851a1d" />
    <TestEntry testId="5a0de47e-3ac7-a05f-b472-ab9b9b833aeb" executionId="0d622cda-3d5e-478e-9eb0-0b16255cddbe" testListId="8c84fa94-04c1-424b-9868-57a2d4851a1d" />
    <TestEntry testId="06876892-1332-3940-aa32-320a979ca62f" executionId="b42569eb-b4f5-4fc3-9135-59b7562d78fe" testListId="8c84fa94-04c1-424b-9868-57a2d4851a1d" />
    <TestEntry testId="49b79990-08a9-531c-f175-a7936c7e9b2b" executionId="45278ca6-2275-4d22-951c-17675c483837" testListId="8c84fa94-04c1-424b-9868-57a2d4851a1d" />
    <TestEntry testId="242380b7-4dc3-93ff-7fa5-ab7dffc58f2c" executionId="f3171395-ddaa-4c05-a1b5-88142f2e2126" testListId="8c84fa94-04c1-424b-9868-57a2d4851a1d" />
    <TestEntry testId="49cb47b8-eecf-f795-ea07-50b84893c9a8" executionId="59995141-7513-4449-81a1-87fb351e9e72" testListId="8c84fa94-04c1-424b-9868-57a2d4851a1d" />
    <TestEntry testId="8bb65f82-edbe-274a-0a6e-561c49aa274d" executionId="61d510f3-129b-4308-802f-bbd2dd551069" testListId="8c84fa94-04c1-424b-9868-57a2d4851a1d" />
    <TestEntry testId="3f7535a4-0c84-70fb-7606-7d24fc487109" executionId="33226b89-4025-4436-9ec5-71cf5bc4b019" testListId="8c84fa94-04c1-424b-9868-57a2d4851a1d" />
  </TestEntries>
  <TestLists>
    <TestList name="Results Not in a List" id="8c84fa94-04c1-424b-9868-57a2d4851a1d" />
    <TestList name="All Loaded Results" id="19431567-8539-422a-85d7-44ee4e166bda" />
  </TestLists>
  <ResultSummary outcome="Completed">
    <Counters total="11" executed="11" passed="11" failed="0" error="0" timeout="0" aborted="0" inconclusive="0" passedButRunAborted="0" notRunnable="0" notExecuted="0" disconnected="0" warning="0" completed="0" inProgress="0" pending="0" />
    <Output>
      <StdOut>[xUnit.net 00:00:00.00] xUnit.net VSTest Adapter v3.1.4+50e68bbb8b (64-bit .NET 10.0.12)
[xUnit.net 00:00:00.18]   Discovering: AeroLink.Infrastructure.Tests
[xUnit.net 00:00:00.42]   Discovered:  AeroLink.Infrastructure.Tests
[xUnit.net 00:00:00.44]   Starting:    AeroLink.Infrastructure.Tests
[xUnit.net 00:01:20.87]   Finished:    AeroLink.Infrastructure.Tests
</StdOut>
    </Output>
    <RunInfos>
      <RunInfo computerName="vm" outcome="Warning" timestamp="2026-09-25T02:59:55.3667901+00:00">
        <Text>Data collector 'Blame' message: All tests finished running, Sequence file will not be generated.</Text>
      </RunInfo>
    </RunInfos>
  </ResultSummary>
</TestRun>