<?xml version="1.0" encoding="utf-8"?>
<TestRun id="4be3d3ee-2500-4cc0-9800-e154b0523c99" name="seanm@UPSTAIRSMCCARTH 2026-09-21 18:11:02" runUser="UPSTAIRSMCCARTH\seanm" xmlns="http://microsoft.com/schemas/VisualStudio/TeamTest/2010">
  <Times creation="2026-09-21T18:11:02.0423584-04:00" queuing="2026-09-21T18:11:02.0423590-04:00" start="2026-09-21T18:10:42.2888244-04:00" finish="2026-09-21T18:12:00.0276515-04:00" />
  <TestSettings name="default" id="8d8f8442-eb07-4897-8440-03ad3f8f97ce">
    <Deployment runDeploymentRoot="seanm_UPSTAIRSMCCARTH_2026-09-21_18_11_02" />
  </TestSettings>
  <Results>
    <UnitTestResult executionId="40ae07c5-75ba-42b5-b294-7af5f21e29b3" testId="06876892-1332-3940-aa32-320a979ca62f" testName="AeroLink.Infrastructure.Tests.ProjectSetupPostgresQualificationTests.Concurrent_native_capture_and_external_upload_leave_one_staged_package_on_postgresql" computerName="UPSTAIRSMCCARTH" duration="00:00:04.7587312" startTime="2026-09-21T18:11:55.1166270-04:00" endTime="2026-09-21T18:11:59.8732340-04:00" testType="13cdc9d9-ddb5-4fa4-a97d-d965ccfc6d4b" outcome="Passed" testListId="8c84fa94-04c1-424b-9868-57a2d4851a1d" relativeResultsDirectory="40ae07c5-75ba-42b5-b294-7af5f21e29b3" />
    <UnitTestResult executionId="e4a91a5d-716e-4ee5-a757-4d96b592d8de" testId="a10bfc7d-62d1-676c-6593-a9957f706e3b" testName="AeroLink.Infrastructure.Tests.ProjectSetupPostgresQualificationTests.Repository_verification_migration_preserves_legacy_null_facts_and_new_identity_snapshots" computerName="UPSTAIRSMCCARTH" duration="00:00:05.0290644" startTime="2026-09-21T18:11:50.0906122-04:00" endTime="2026-09-21T18:11:55.1139949-04:00" testType="13cdc9d9-ddb5-4fa4-a97d-d965ccfc6d4b" outcome="Passed" testListId="8c84fa94-04c1-424b-9868-57a2d4851a1d" relativeResultsDirectory="e4a91a5d-716e-4ee5-a757-4d96b592d8de" />
    <UnitTestResult executionId="aff67cef-e8e2-4c84-a695-560a3c5e3c79" testId="3f7535a4-0c84-70fb-7606-7d24fc487109" testName="AeroLink.Infrastructure.Tests.ProjectSetupPostgresQualificationTests.Canonical_release_keyset_pages_preserve_historical_versions_on_postgresql" computerName="UPSTAIRSMCCARTH" duration="00:00:18.4502246" startTime="2026-09-21T18:10:43.5755957-04:00" endTime="2026-09-21T18:11:02.0031900-04:00" testType="13cdc9d9-ddb5-4fa4-a97d-d965ccfc6d4b" outcome="Passed" testListId="8c84fa94-04c1-424b-9868-57a2d4851a1d" relativeResultsDirectory="aff67cef-e8e2-4c84-a695-560a3c5e3c79" />
    <UnitTestResult executionId="1cff519b-3021-4c7a-bbe1-833d7554473f" testId="e12221cf-5246-d53e-5a46-7541f60ac735" testName="AeroLink.Infrastructure.Tests.ProjectSetupPostgresQualificationTests.Concurrent_source_mapping_and_reconcile_return_one_conflict_and_preserve_reconciled_package_on_postgresql" computerName="UPSTAIRSMCCARTH" duration="00:00:05.0514207" startTime="2026-09-21T18:11:18.6735038-04:00" endTime="2026-09-21T18:11:23.7227442-04:00" testType="13cdc9d9-ddb5-4fa4-a97d-d965ccfc6d4b" outcome="Passed" testListId="8c84fa94-04c1-424b-9868-57a2d4851a1d" relativeResultsDirectory="1cff519b-3021-4c7a-bbe1-833d7554473f" />
    <UnitTestResult executionId="86ed7d0a-3769-4098-b731-97e65a6c3c8b" testId="fb15477e-81c5-1a8c-501d-d76d3bdd94f5" testName="AeroLink.Infrastructure.Tests.ProjectSetupPostgresQualificationTests.Inception_baseline_identity_migration_backfills_existing_drafts_before_unique_constraint" computerName="UPSTAIRSMCCARTH" duration="00:00:04.9089140" startTime="2026-09-21T18:11:40.6253558-04:00" endTime="2026-09-21T18:11:45.5330271-04:00" testType="13cdc9d9-ddb5-4fa4-a97d-d965ccfc6d4b" outcome="Passed" testListId="8c84fa94-04c1-424b-9868-57a2d4851a1d" relativeResultsDirectory="86ed7d0a-3769-4098-b731-97e65a6c3c8b" />
    <UnitTestResult executionId="5dbb44e5-5b38-489b-b16a-87ce60009c55" testId="8bb65f82-edbe-274a-0a6e-561c49aa274d" testName="AeroLink.Infrastructure.Tests.ProjectSetupPostgresQualificationTests.Native_capture_survives_restart_and_competing_finalization_on_postgresql" computerName="UPSTAIRSMCCARTH" duration="00:00:05.6746606" startTime="2026-09-21T18:11:34.9536084-04:00" endTime="2026-09-21T18:11:40.6237066-04:00" testType="13cdc9d9-ddb5-4fa4-a97d-d965ccfc6d4b" outcome="Passed" testListId="8c84fa94-04c1-424b-9868-57a2d4851a1d" relativeResultsDirectory="5dbb44e5-5b38-489b-b16a-87ce60009c55" />
    <UnitTestResult executionId="69c69e9a-9f3c-48a6-8d08-36f5ae8b34a9" testId="13c22eb6-748c-ce9c-6cfb-da3550210596" testName="AeroLink.Infrastructure.Tests.ProjectSetupPostgresQualificationTests.Migration_draft_reload_and_concurrent_edit_are_durable_on_postgresql" computerName="UPSTAIRSMCCARTH" duration="00:00:08.1915218" startTime="2026-09-21T18:11:10.4829966-04:00" endTime="2026-09-21T18:11:18.6707555-04:00" testType="13cdc9d9-ddb5-4fa4-a97d-d965ccfc6d4b" outcome="Passed" testListId="8c84fa94-04c1-424b-9868-57a2d4851a1d" relativeResultsDirectory="69c69e9a-9f3c-48a6-8d08-36f5ae8b34a9" />
    <UnitTestResult executionId="e758fc27-e611-4162-831a-5b590e0d84b0" testId="49cb47b8-eecf-f795-ea07-50b84893c9a8" testName="AeroLink.Infrastructure.Tests.ProjectSetupPostgresQualificationTests.Competing_finalizers_and_lost_committed_result_recover_one_project_on_postgresql" computerName="UPSTAIRSMCCARTH" duration="00:00:04.9554355" startTime="2026-09-21T18:11:29.9955498-04:00" endTime="2026-09-21T18:11:34.9486082-04:00" testType="13cdc9d9-ddb5-4fa4-a97d-d965ccfc6d4b" outcome="Passed" testListId="8c84fa94-04c1-424b-9868-57a2d4851a1d" relativeResultsDirectory="e758fc27-e611-4162-831a-5b590e0d84b0" />
    <UnitTestResult executionId="c84908bf-b20e-4a85-b4fc-9f14ad249ac7" testId="5a0de47e-3ac7-a05f-b472-ab9b9b833aeb" testName="AeroLink.Infrastructure.Tests.ProjectSetupPostgresQualificationTests.Inception_uploads_survive_provider_restart_and_replay_for_all_external_formats_on_postgresql" computerName="UPSTAIRSMCCARTH" duration="00:00:06.2694241" startTime="2026-09-21T18:11:23.7281321-04:00" endTime="2026-09-21T18:11:29.9926915-04:00" testType="13cdc9d9-ddb5-4fa4-a97d-d965ccfc6d4b" outcome="Passed" testListId="8c84fa94-04c1-424b-9868-57a2d4851a1d" relativeResultsDirectory="c84908bf-b20e-4a85-b4fc-9f14ad249ac7" />
    <UnitTestResult executionId="2051aa16-a07c-4959-aa1a-02995b733f13" testId="49b79990-08a9-531c-f175-a7936c7e9b2b" testName="AeroLink.Infrastructure.Tests.ProjectSetupPostgresQualificationTests.Interrupted_finalization_rolls_back_claim_and_structure_before_retry_on_postgresql" computerName="UPSTAIRSMCCARTH" duration="00:00:08.4729621" startTime="2026-09-21T18:11:02.0269573-04:00" endTime="2026-09-21T18:11:10.4785696-04:00" testType="13cdc9d9-ddb5-4fa4-a97d-d965ccfc6d4b" outcome="Passed" testListId="8c84fa94-04c1-424b-9868-57a2d4851a1d" relativeResultsDirectory="2051aa16-a07c-4959-aa1a-02995b733f13" />
    <UnitTestResult executionId="a39f52e8-733a-4829-b2be-90ee583358fe" testId="242380b7-4dc3-93ff-7fa5-ab7dffc58f2c" testName="AeroLink.Infrastructure.Tests.ProjectSetupPostgresQualificationTests.Concurrent_identical_external_uploads_are_normalized_to_one_package_and_one_conflict_on_postgresql" computerName="UPSTAIRSMCCARTH" duration="00:00:04.5507494" startTime="2026-09-21T18:11:45.5349371-04:00" endTime="2026-09-21T18:11:50.0843660-04:00" testType="13cdc9d9-ddb5-4fa4-a97d-d965ccfc6d4b" outcome="Passed" testListId="8c84fa94-04c1-424b-9868-57a2d4851a1d" relativeResultsDirectory="a39f52e8-733a-4829-b2be-90ee583358fe" />
  </Results>
  <TestDefinitions>
    <UnitTest name="AeroLink.Infrastructure.Tests.ProjectSetupPostgresQualificationTests.Concurrent_identical_external_uploads_are_normalized_to_one_package_and_one_conflict_on_postgresql" storage="c:\sean project\rmt-1040-worktree\product\tests\aerolink.infrastructure.tests\bin\release\net10.0\aerolink.infrastructure.tests.dll" id="242380b7-4dc3-93ff-7fa5-ab7dffc58f2c">
      <Execution id="a39f52e8-733a-4829-b2be-90ee583358fe" />
      <TestMethod codeBase="C:\Sean Project\RMT-1040-worktree\product\tests\AeroLink.Infrastructure.Tests\bin\Release\net10.0\AeroLink.Infrastructure.Tests.dll" adapterTypeName="executor://xunit/VsTestRunner3/netcore/" className="AeroLink.Infrastructure.Tests.ProjectSetupPostgresQualificationTests" name="Concurrent_identical_external_uploads_are_normalized_to_one_package_and_one_conflict_on_postgresql" />
    </UnitTest>
    <UnitTest name="AeroLink.Infrastructure.Tests.ProjectSetupPostgresQualificationTests.Canonical_release_keyset_pages_preserve_historical_versions_on_postgresql" storage="c:\sean project\rmt-1040-worktree\product\tests\aerolink.infrastructure.tests\bin\release\net10.0\aerolink.infrastructure.tests.dll" id="3f7535a4-0c84-70fb-7606-7d24fc487109">
      <Execution id="aff67cef-e8e2-4c84-a695-560a3c5e3c79" />
      <TestMethod codeBase="C:\Sean Project\RMT-1040-worktree\product\tests\AeroLink.Infrastructure.Tests\bin\Release\net10.0\AeroLink.Infrastructure.Tests.dll" adapterTypeName="executor://xunit/VsTestRunner3/netcore/" className="AeroLink.Infrastructure.Tests.ProjectSetupPostgresQualificationTests" name="Canonical_release_keyset_pages_preserve_historical_versions_on_postgresql" />
    </UnitTest>
    <UnitTest name="AeroLink.Infrastructure.Tests.ProjectSetupPostgresQualificationTests.Concurrent_native_capture_and_external_upload_leave_one_staged_package_on_postgresql" storage="c:\sean project\rmt-1040-worktree\product\tests\aerolink.infrastructure.tests\bin\release\net10.0\aerolink.infrastructure.tests.dll" id="06876892-1332-3940-aa32-320a979ca62f">
      <Execution id="40ae07c5-75ba-42b5-b294-7af5f21e29b3" />
      <TestMethod codeBase="C:\Sean Project\RMT-1040-worktree\product\tests\AeroLink.Infrastructure.Tests\bin\Release\net10.0\AeroLink.Infrastructure.Tests.dll" adapterTypeName="executor://xunit/VsTestRunner3/netcore/" className="AeroLink.Infrastructure.Tests.ProjectSetupPostgresQualificationTests" name="Concurrent_native_capture_and_external_upload_leave_one_staged_package_on_postgresql" />
    </UnitTest>
    <UnitTest name="AeroLink.Infrastructure.Tests.ProjectSetupPostgresQualificationTests.Migration_draft_reload_and_concurrent_edit_are_durable_on_postgresql" storage="c:\sean project\rmt-1040-worktree\product\tests\aerolink.infrastructure.tests\bin\release\net10.0\aerolink.infrastructure.tests.dll" id="13c22eb6-748c-ce9c-6cfb-da3550210596">
      <Execution id="69c69e9a-9f3c-48a6-8d08-36f5ae8b34a9" />
      <TestMethod codeBase="C:\Sean Project\RMT-1040-worktree\product\tests\AeroLink.Infrastructure.Tests\bin\Release\net10.0\AeroLink.Infrastructure.Tests.dll" adapterTypeName="executor://xunit/VsTestRunner3/netcore/" className="AeroLink.Infrastructure.Tests.ProjectSetupPostgresQualificationTests" name="Migration_draft_reload_and_concurrent_edit_are_durable_on_postgresql" />
    </UnitTest>
    <UnitTest name="AeroLink.Infrastructure.Tests.ProjectSetupPostgresQualificationTests.Competing_finalizers_and_lost_committed_result_recover_one_project_on_postgresql" storage="c:\sean project\rmt-1040-worktree\product\tests\aerolink.infrastructure.tests\bin\release\net10.0\aerolink.infrastructure.tests.dll" id="49cb47b8-eecf-f795-ea07-50b84893c9a8">
      <Execution id="e758fc27-e611-4162-831a-5b590e0d84b0" />
      <TestMethod codeBase="C:\Sean Project\RMT-1040-worktree\product\tests\AeroLink.Infrastructure.Tests\bin\Release\net10.0\AeroLink.Infrastructure.Tests.dll" adapterTypeName="executor://xunit/VsTestRunner3/netcore/" className="AeroLink.Infrastructure.Tests.ProjectSetupPostgresQualificationTests" name="Competing_finalizers_and_lost_committed_result_recover_one_project_on_postgresql" />
    </UnitTest>
    <UnitTest name="AeroLink.Infrastructure.Tests.ProjectSetupPostgresQualificationTests.Interrupted_finalization_rolls_back_claim_and_structure_before_retry_on_postgresql" storage="c:\sean project\rmt-1040-worktree\product\tests\aerolink.infrastructure.tests\bin\release\net10.0\aerolink.infrastructure.tests.dll" id="49b79990-08a9-531c-f175-a7936c7e9b2b">
      <Execution id="2051aa16-a07c-4959-aa1a-02995b733f13" />
      <TestMethod codeBase="C:\Sean Project\RMT-1040-worktree\product\tests\AeroLink.Infrastructure.Tests\bin\Release\net10.0\AeroLink.Infrastructure.Tests.dll" adapterTypeName="executor://xunit/VsTestRunner3/netcore/" className="AeroLink.Infrastructure.Tests.ProjectSetupPostgresQualificationTests" name="Interrupted_finalization_rolls_back_claim_and_structure_before_retry_on_postgresql" />
    </UnitTest>
    <UnitTest name="AeroLink.Infrastructure.Tests.ProjectSetupPostgresQualificationTests.Concurrent_source_mapping_and_reconcile_return_one_conflict_and_preserve_reconciled_package_on_postgresql" storage="c:\sean project\rmt-1040-worktree\product\tests\aerolink.infrastructure.tests\bin\release\net10.0\aerolink.infrastructure.tests.dll" id="e12221cf-5246-d53e-5a46-7541f60ac735">
      <Execution id="1cff519b-3021-4c7a-bbe1-833d7554473f" />
      <TestMethod codeBase="C:\Sean Project\RMT-1040-worktree\product\tests\AeroLink.Infrastructure.Tests\bin\Release\net10.0\AeroLink.Infrastructure.Tests.dll" adapterTypeName="executor://xunit/VsTestRunner3/netcore/" className="AeroLink.Infrastructure.Tests.ProjectSetupPostgresQualificationTests" name="Concurrent_source_mapping_and_reconcile_return_one_conflict_and_preserve_reconciled_package_on_postgresql" />
    </UnitTest>
    <UnitTest name="AeroLink.Infrastructure.Tests.ProjectSetupPostgresQualificationTests.Native_capture_survives_restart_and_competing_finalization_on_postgresql" storage="c:\sean project\rmt-1040-worktree\product\tests\aerolink.infrastructure.tests\bin\release\net10.0\aerolink.infrastructure.tests.dll" id="8bb65f82-edbe-274a-0a6e-561c49aa274d">
      <Execution id="5dbb44e5-5b38-489b-b16a-87ce60009c55" />
      <TestMethod codeBase="C:\Sean Project\RMT-1040-worktree\product\tests\AeroLink.Infrastructure.Tests\bin\Release\net10.0\AeroLink.Infrastructure.Tests.dll" adapterTypeName="executor://xunit/VsTestRunner3/netcore/" className="AeroLink.Infrastructure.Tests.ProjectSetupPostgresQualificationTests" name="Native_capture_survives_restart_and_competing_finalization_on_postgresql" />
    </UnitTest>
    <UnitTest name="AeroLink.Infrastructure.Tests.ProjectSetupPostgresQualificationTests.Repository_verification_migration_preserves_legacy_null_facts_and_new_identity_snapshots" storage="c:\sean project\rmt-1040-worktree\product\tests\aerolink.infrastructure.tests\bin\release\net10.0\aerolink.infrastructure.tests.dll" id="a10bfc7d-62d1-676c-6593-a9957f706e3b">
      <Execution id="e4a91a5d-716e-4ee5-a757-4d96b592d8de" />
      <TestMethod codeBase="C:\Sean Project\RMT-1040-worktree\product\tests\AeroLink.Infrastructure.Tests\bin\Release\net10.0\AeroLink.Infrastructure.Tests.dll" adapterTypeName="executor://xunit/VsTestRunner3/netcore/" className="AeroLink.Infrastructure.Tests.ProjectSetupPostgresQualificationTests" name="Repository_verification_migration_preserves_legacy_null_facts_and_new_identity_snapshots" />
    </UnitTest>
    <UnitTest name="AeroLink.Infrastructure.Tests.ProjectSetupPostgresQualificationTests.Inception_baseline_identity_migration_backfills_existing_drafts_before_unique_constraint" storage="c:\sean project\rmt-1040-worktree\product\tests\aerolink.infrastructure.tests\bin\release\net10.0\aerolink.infrastructure.tests.dll" id="fb15477e-81c5-1a8c-501d-d76d3bdd94f5">
      <Execution id="86ed7d0a-3769-4098-b731-97e65a6c3c8b" />
      <TestMethod codeBase="C:\Sean Project\RMT-1040-worktree\product\tests\AeroLink.Infrastructure.Tests\bin\Release\net10.0\AeroLink.Infrastructure.Tests.dll" adapterTypeName="executor://xunit/VsTestRunner3/netcore/" className="AeroLink.Infrastructure.Tests.ProjectSetupPostgresQualificationTests" name="Inception_baseline_identity_migration_backfills_existing_drafts_before_unique_constraint" />
    </UnitTest>
    <UnitTest name="AeroLink.Infrastructure.Tests.ProjectSetupPostgresQualificationTests.Inception_uploads_survive_provider_restart_and_replay_for_all_external_formats_on_postgresql" storage="c:\sean project\rmt-1040-worktree\product\tests\aerolink.infrastructure.tests\bin\release\net10.0\aerolink.infrastructure.tests.dll" id="5a0de47e-3ac7-a05f-b472-ab9b9b833aeb">
      <Execution id="c84908bf-b20e-4a85-b4fc-9f14ad249ac7" />
      <TestMethod codeBase="C:\Sean Project\RMT-1040-worktree\product\tests\AeroLink.Infrastructure.Tests\bin\Release\net10.0\AeroLink.Infrastructure.Tests.dll" adapterTypeName="executor://xunit/VsTestRunner3/netcore/" className="AeroLink.Infrastructure.Tests.ProjectSetupPostgresQualificationTests" name="Inception_uploads_survive_provider_restart_and_replay_for_all_external_formats_on_postgresql" />
    </UnitTest>
  </TestDefinitions>
  <TestEntries>
    <TestEntry testId="06876892-1332-3940-aa32-320a979ca62f" executionId="40ae07c5-75ba-42b5-b294-7af5f21e29b3" testListId="8c84fa94-04c1-424b-9868-57a2d4851a1d" />
    <TestEntry testId="a10bfc7d-62d1-676c-6593-a9957f706e3b" executionId="e4a91a5d-716e-4ee5-a757-4d96b592d8de" testListId="8c84fa94-04c1-424b-9868-57a2d4851a1d" />
    <TestEntry testId="3f7535a4-0c84-70fb-7606-7d24fc487109" executionId="aff67cef-e8e2-4c84-a695-560a3c5e3c79" testListId="8c84fa94-04c1-424b-9868-57a2d4851a1d" />
    <TestEntry testId="e12221cf-5246-d53e-5a46-7541f60ac735" executionId="1cff519b-3021-4c7a-bbe1-833d7554473f" testListId="8c84fa94-04c1-424b-9868-57a2d4851a1d" />
    <TestEntry testId="fb15477e-81c5-1a8c-501d-d76d3bdd94f5" executionId="86ed7d0a-3769-4098-b731-97e65a6c3c8b" testListId="8c84fa94-04c1-424b-9868-57a2d4851a1d" />
    <TestEntry testId="8bb65f82-edbe-274a-0a6e-561c49aa274d" executionId="5dbb44e5-5b38-489b-b16a-87ce60009c55" testListId="8c84fa94-04c1-424b-9868-57a2d4851a1d" />
    <TestEntry testId="13c22eb6-748c-ce9c-6cfb-da3550210596" executionId="69c69e9a-9f3c-48a6-8d08-36f5ae8b34a9" testListId="8c84fa94-04c1-424b-9868-57a2d4851a1d" />
    <TestEntry testId="49cb47b8-eecf-f795-ea07-50b84893c9a8" executionId="e758fc27-e611-4162-831a-5b590e0d84b0" testListId="8c84fa94-04c1-424b-9868-57a2d4851a1d" />
    <TestEntry testId="5a0de47e-3ac7-a05f-b472-ab9b9b833aeb" executionId="c84908bf-b20e-4a85-b4fc-9f14ad249ac7" testListId="8c84fa94-04c1-424b-9868-57a2d4851a1d" />
    <TestEntry testId="49b79990-08a9-531c-f175-a7936c7e9b2b" executionId="2051aa16-a07c-4959-aa1a-02995b733f13" testListId="8c84fa94-04c1-424b-9868-57a2d4851a1d" />
    <TestEntry testId="242380b7-4dc3-93ff-7fa5-ab7dffc58f2c" executionId="a39f52e8-733a-4829-b2be-90ee583358fe" testListId="8c84fa94-04c1-424b-9868-57a2d4851a1d" />
  </TestEntries>
  <TestLists>
    <TestList name="Results Not in a List" id="8c84fa94-04c1-424b-9868-57a2d4851a1d" />
    <TestList name="All Loaded Results" id="19431567-8539-422a-85d7-44ee4e166bda" />
  </TestLists>
  <ResultSummary outcome="Completed">
    <Counters total="11" executed="11" passed="11" failed="0" error="0" timeout="0" aborted="0" inconclusive="0" passedButRunAborted="0" notRunnable="0" notExecuted="0" disconnected="0" warning="0" completed="0" inProgress="0" pending="0" />
    <Output>
      <StdOut>[xUnit.net 00:00:00.00] xUnit.net VSTest Adapter v3.1.4+50e68bbb8b (64-bit .NET 10.0.9)&#xD;
[xUnit.net 00:00:00.40]   Discovering: AeroLink.Infrastructure.Tests&#xD;
[xUnit.net 00:00:00.56]   Discovered:  AeroLink.Infrastructure.Tests&#xD;
[xUnit.net 00:00:00.58]   Starting:    AeroLink.Infrastructure.Tests&#xD;
[xUnit.net 00:01:16.93]   Finished:    AeroLink.Infrastructure.Tests&#xD;
</StdOut>
    </Output>
    <RunInfos>
      <RunInfo computerName="UPSTAIRSMCCARTH" outcome="Warning" timestamp="2026-09-21T18:11:59.9834630-04:00">
        <Text>Data collector 'Blame' message: All tests finished running, Sequence file will not be generated.</Text>
      </RunInfo>
    </RunInfos>
  </ResultSummary>
</TestRun>