<?xml version="1.0" encoding="utf-8"?>
<TestRun id="2ce1ab72-2de6-4abe-bc00-477c86ed5246" name="@vm 2026-09-25 04:48:59" xmlns="http://microsoft.com/schemas/VisualStudio/TeamTest/2010">
  <Times creation="2026-09-25T04:48:59.2082937+00:00" queuing="2026-09-25T04:48:59.2082937+00:00" start="2026-09-25T04:48:33.6663358+00:00" finish="2026-09-25T04:49:54.7668937+00:00" />
  <TestSettings name="default" id="a43e8617-2c86-4592-b1a6-746f71846141">
    <Deployment runDeploymentRoot="_vm_2026-09-25_04_48_59" />
  </TestSettings>
  <Results>
    <UnitTestResult executionId="c586c20b-2933-4a6b-bb17-e650a9f317f9" testId="8bb65f82-edbe-274a-0a6e-561c49aa274d" testName="AeroLink.Infrastructure.Tests.ProjectSetupPostgresQualificationTests.Native_capture_survives_restart_and_competing_finalization_on_postgresql" computerName="vm" duration="00:00:05.6465716" startTime="2026-09-25T04:49:28.8960934+00:00" endTime="2026-09-25T04:49:34.5383750+00:00" testType="13cdc9d9-ddb5-4fa4-a97d-d965ccfc6d4b" outcome="Passed" testListId="8c84fa94-04c1-424b-9868-57a2d4851a1d" relativeResultsDirectory="c586c20b-2933-4a6b-bb17-e650a9f317f9" />
    <UnitTestResult executionId="46992dc2-63d7-4241-a8f4-60deac942fd8" testId="3f7535a4-0c84-70fb-7606-7d24fc487109" testName="AeroLink.Infrastructure.Tests.ProjectSetupPostgresQualificationTests.Canonical_release_keyset_pages_preserve_historical_versions_on_postgresql" computerName="vm" duration="00:00:24.3084537" startTime="2026-09-25T04:48:34.8787551+00:00" endTime="2026-09-25T04:48:59.1499577+00:00" testType="13cdc9d9-ddb5-4fa4-a97d-d965ccfc6d4b" outcome="Passed" testListId="8c84fa94-04c1-424b-9868-57a2d4851a1d" relativeResultsDirectory="46992dc2-63d7-4241-a8f4-60deac942fd8" />
    <UnitTestResult executionId="545d02b5-dcb6-4a1d-bb0b-43dbd4203e6e" testId="242380b7-4dc3-93ff-7fa5-ab7dffc58f2c" testName="AeroLink.Infrastructure.Tests.ProjectSetupPostgresQualificationTests.Concurrent_identical_external_uploads_are_normalized_to_one_package_and_one_conflict_on_postgresql" computerName="vm" duration="00:00:04.9959567" startTime="2026-09-25T04:49:39.5397670+00:00" endTime="2026-09-25T04:49:44.5329126+00:00" testType="13cdc9d9-ddb5-4fa4-a97d-d965ccfc6d4b" outcome="Passed" testListId="8c84fa94-04c1-424b-9868-57a2d4851a1d" relativeResultsDirectory="545d02b5-dcb6-4a1d-bb0b-43dbd4203e6e" />
    <UnitTestResult executionId="19f581ea-4c8a-4c7e-850f-669c7e95865d" testId="e12221cf-5246-d53e-5a46-7541f60ac735" testName="AeroLink.Infrastructure.Tests.ProjectSetupPostgresQualificationTests.Concurrent_source_mapping_and_reconcile_return_one_conflict_and_preserve_reconciled_package_on_postgresql" computerName="vm" duration="00:00:05.1775688" startTime="2026-09-25T04:49:13.2125750+00:00" endTime="2026-09-25T04:49:18.3849693+00:00" testType="13cdc9d9-ddb5-4fa4-a97d-d965ccfc6d4b" outcome="Passed" testListId="8c84fa94-04c1-424b-9868-57a2d4851a1d" relativeResultsDirectory="19f581ea-4c8a-4c7e-850f-669c7e95865d" />
    <UnitTestResult executionId="73326a9b-13c2-4e34-880d-2db38caa3065" testId="13c22eb6-748c-ce9c-6cfb-da3550210596" testName="AeroLink.Infrastructure.Tests.ProjectSetupPostgresQualificationTests.Migration_draft_reload_and_concurrent_edit_are_durable_on_postgresql" computerName="vm" duration="00:00:04.6864453" startTime="2026-09-25T04:49:08.5275575+00:00" endTime="2026-09-25T04:49:13.2063757+00:00" testType="13cdc9d9-ddb5-4fa4-a97d-d965ccfc6d4b" outcome="Passed" testListId="8c84fa94-04c1-424b-9868-57a2d4851a1d" relativeResultsDirectory="73326a9b-13c2-4e34-880d-2db38caa3065" />
    <UnitTestResult executionId="8695392d-ce94-4be1-85fc-edbc63245fc9" testId="49b79990-08a9-531c-f175-a7936c7e9b2b" testName="AeroLink.Infrastructure.Tests.ProjectSetupPostgresQualificationTests.Interrupted_finalization_rolls_back_claim_and_structure_before_retry_on_postgresql" computerName="vm" duration="00:00:09.3652452" startTime="2026-09-25T04:48:59.1951597+00:00" endTime="2026-09-25T04:49:08.5190363+00:00" testType="13cdc9d9-ddb5-4fa4-a97d-d965ccfc6d4b" outcome="Passed" testListId="8c84fa94-04c1-424b-9868-57a2d4851a1d" relativeResultsDirectory="8695392d-ce94-4be1-85fc-edbc63245fc9" />
    <UnitTestResult executionId="731e999a-165e-4c5d-848f-fefeb7022d93" testId="5a0de47e-3ac7-a05f-b472-ab9b9b833aeb" testName="AeroLink.Infrastructure.Tests.ProjectSetupPostgresQualificationTests.Inception_uploads_survive_provider_restart_and_replay_for_all_external_formats_on_postgresql" computerName="vm" duration="00:00:06.1322352" startTime="2026-09-25T04:49:18.3892727+00:00" endTime="2026-09-25T04:49:24.5179447+00:00" testType="13cdc9d9-ddb5-4fa4-a97d-d965ccfc6d4b" outcome="Passed" testListId="8c84fa94-04c1-424b-9868-57a2d4851a1d" relativeResultsDirectory="731e999a-165e-4c5d-848f-fefeb7022d93" />
    <UnitTestResult executionId="f13e1dcd-4c3f-4a61-856d-13cb2978d953" testId="06876892-1332-3940-aa32-320a979ca62f" testName="AeroLink.Infrastructure.Tests.ProjectSetupPostgresQualificationTests.Concurrent_native_capture_and_external_upload_leave_one_staged_package_on_postgresql" computerName="vm" duration="00:00:04.6965104" startTime="2026-09-25T04:49:49.8770913+00:00" endTime="2026-09-25T04:49:54.5705258+00:00" testType="13cdc9d9-ddb5-4fa4-a97d-d965ccfc6d4b" outcome="Passed" testListId="8c84fa94-04c1-424b-9868-57a2d4851a1d" relativeResultsDirectory="f13e1dcd-4c3f-4a61-856d-13cb2978d953" />
    <UnitTestResult executionId="c48d1843-48bd-4eed-b885-2c6025c189dd" testId="49cb47b8-eecf-f795-ea07-50b84893c9a8" testName="AeroLink.Infrastructure.Tests.ProjectSetupPostgresQualificationTests.Competing_finalizers_and_lost_committed_result_recover_one_project_on_postgresql" computerName="vm" duration="00:00:04.3718084" startTime="2026-09-25T04:49:24.5213906+00:00" endTime="2026-09-25T04:49:28.8905078+00:00" testType="13cdc9d9-ddb5-4fa4-a97d-d965ccfc6d4b" outcome="Passed" testListId="8c84fa94-04c1-424b-9868-57a2d4851a1d" relativeResultsDirectory="c48d1843-48bd-4eed-b885-2c6025c189dd" />
    <UnitTestResult executionId="8fff9d1c-25eb-4cb2-82d0-9e84cb815ccb" testId="fb15477e-81c5-1a8c-501d-d76d3bdd94f5" testName="AeroLink.Infrastructure.Tests.ProjectSetupPostgresQualificationTests.Inception_baseline_identity_migration_backfills_existing_drafts_before_unique_constraint" computerName="vm" duration="00:00:04.9966963" startTime="2026-09-25T04:49:34.5437923+00:00" endTime="2026-09-25T04:49:39.5359859+00:00" testType="13cdc9d9-ddb5-4fa4-a97d-d965ccfc6d4b" outcome="Passed" testListId="8c84fa94-04c1-424b-9868-57a2d4851a1d" relativeResultsDirectory="8fff9d1c-25eb-4cb2-82d0-9e84cb815ccb" />
    <UnitTestResult executionId="2c87f426-4dd0-48e4-aa8e-b86055d08ee8" testId="a10bfc7d-62d1-676c-6593-a9957f706e3b" testName="AeroLink.Infrastructure.Tests.ProjectSetupPostgresQualificationTests.Repository_verification_migration_preserves_legacy_null_facts_and_new_identity_snapshots" computerName="vm" duration="00:00:05.3393594" startTime="2026-09-25T04:49:44.5371324+00:00" endTime="2026-09-25T04:49:49.8730817+00:00" testType="13cdc9d9-ddb5-4fa4-a97d-d965ccfc6d4b" outcome="Passed" testListId="8c84fa94-04c1-424b-9868-57a2d4851a1d" relativeResultsDirectory="2c87f426-4dd0-48e4-aa8e-b86055d08ee8" />
  </Results>
  <TestDefinitions>
    <UnitTest name="AeroLink.Infrastructure.Tests.ProjectSetupPostgresQualificationTests.Concurrent_identical_external_uploads_are_normalized_to_one_package_and_one_conflict_on_postgresql" storage="/home/user/wt-impl/product/tests/aerolink.infrastructure.tests/bin/release/net10.0/aerolink.infrastructure.tests.dll" id="242380b7-4dc3-93ff-7fa5-ab7dffc58f2c">
      <Execution id="545d02b5-dcb6-4a1d-bb0b-43dbd4203e6e" />
      <TestMethod codeBase="/home/user/wt-impl/product/tests/AeroLink.Infrastructure.Tests/bin/Release/net10.0/AeroLink.Infrastructure.Tests.dll" adapterTypeName="executor://xunit/VsTestRunner3/netcore/" className="AeroLink.Infrastructure.Tests.ProjectSetupPostgresQualificationTests" name="Concurrent_identical_external_uploads_are_normalized_to_one_package_and_one_conflict_on_postgresql" />
    </UnitTest>
    <UnitTest name="AeroLink.Infrastructure.Tests.ProjectSetupPostgresQualificationTests.Canonical_release_keyset_pages_preserve_historical_versions_on_postgresql" storage="/home/user/wt-impl/product/tests/aerolink.infrastructure.tests/bin/release/net10.0/aerolink.infrastructure.tests.dll" id="3f7535a4-0c84-70fb-7606-7d24fc487109">
      <Execution id="46992dc2-63d7-4241-a8f4-60deac942fd8" />
      <TestMethod codeBase="/home/user/wt-impl/product/tests/AeroLink.Infrastructure.Tests/bin/Release/net10.0/AeroLink.Infrastructure.Tests.dll" adapterTypeName="executor://xunit/VsTestRunner3/netcore/" className="AeroLink.Infrastructure.Tests.ProjectSetupPostgresQualificationTests" name="Canonical_release_keyset_pages_preserve_historical_versions_on_postgresql" />
    </UnitTest>
    <UnitTest name="AeroLink.Infrastructure.Tests.ProjectSetupPostgresQualificationTests.Concurrent_native_capture_and_external_upload_leave_one_staged_package_on_postgresql" storage="/home/user/wt-impl/product/tests/aerolink.infrastructure.tests/bin/release/net10.0/aerolink.infrastructure.tests.dll" id="06876892-1332-3940-aa32-320a979ca62f">
      <Execution id="f13e1dcd-4c3f-4a61-856d-13cb2978d953" />
      <TestMethod codeBase="/home/user/wt-impl/product/tests/AeroLink.Infrastructure.Tests/bin/Release/net10.0/AeroLink.Infrastructure.Tests.dll" adapterTypeName="executor://xunit/VsTestRunner3/netcore/" className="AeroLink.Infrastructure.Tests.ProjectSetupPostgresQualificationTests" name="Concurrent_native_capture_and_external_upload_leave_one_staged_package_on_postgresql" />
    </UnitTest>
    <UnitTest name="AeroLink.Infrastructure.Tests.ProjectSetupPostgresQualificationTests.Migration_draft_reload_and_concurrent_edit_are_durable_on_postgresql" storage="/home/user/wt-impl/product/tests/aerolink.infrastructure.tests/bin/release/net10.0/aerolink.infrastructure.tests.dll" id="13c22eb6-748c-ce9c-6cfb-da3550210596">
      <Execution id="73326a9b-13c2-4e34-880d-2db38caa3065" />
      <TestMethod codeBase="/home/user/wt-impl/product/tests/AeroLink.Infrastructure.Tests/bin/Release/net10.0/AeroLink.Infrastructure.Tests.dll" adapterTypeName="executor://xunit/VsTestRunner3/netcore/" className="AeroLink.Infrastructure.Tests.ProjectSetupPostgresQualificationTests" name="Migration_draft_reload_and_concurrent_edit_are_durable_on_postgresql" />
    </UnitTest>
    <UnitTest name="AeroLink.Infrastructure.Tests.ProjectSetupPostgresQualificationTests.Competing_finalizers_and_lost_committed_result_recover_one_project_on_postgresql" storage="/home/user/wt-impl/product/tests/aerolink.infrastructure.tests/bin/release/net10.0/aerolink.infrastructure.tests.dll" id="49cb47b8-eecf-f795-ea07-50b84893c9a8">
      <Execution id="c48d1843-48bd-4eed-b885-2c6025c189dd" />
      <TestMethod codeBase="/home/user/wt-impl/product/tests/AeroLink.Infrastructure.Tests/bin/Release/net10.0/AeroLink.Infrastructure.Tests.dll" adapterTypeName="executor://xunit/VsTestRunner3/netcore/" className="AeroLink.Infrastructure.Tests.ProjectSetupPostgresQualificationTests" name="Competing_finalizers_and_lost_committed_result_recover_one_project_on_postgresql" />
    </UnitTest>
    <UnitTest name="AeroLink.Infrastructure.Tests.ProjectSetupPostgresQualificationTests.Interrupted_finalization_rolls_back_claim_and_structure_before_retry_on_postgresql" storage="/home/user/wt-impl/product/tests/aerolink.infrastructure.tests/bin/release/net10.0/aerolink.infrastructure.tests.dll" id="49b79990-08a9-531c-f175-a7936c7e9b2b">
      <Execution id="8695392d-ce94-4be1-85fc-edbc63245fc9" />
      <TestMethod codeBase="/home/user/wt-impl/product/tests/AeroLink.Infrastructure.Tests/bin/Release/net10.0/AeroLink.Infrastructure.Tests.dll" adapterTypeName="executor://xunit/VsTestRunner3/netcore/" className="AeroLink.Infrastructure.Tests.ProjectSetupPostgresQualificationTests" name="Interrupted_finalization_rolls_back_claim_and_structure_before_retry_on_postgresql" />
    </UnitTest>
    <UnitTest name="AeroLink.Infrastructure.Tests.ProjectSetupPostgresQualificationTests.Concurrent_source_mapping_and_reconcile_return_one_conflict_and_preserve_reconciled_package_on_postgresql" storage="/home/user/wt-impl/product/tests/aerolink.infrastructure.tests/bin/release/net10.0/aerolink.infrastructure.tests.dll" id="e12221cf-5246-d53e-5a46-7541f60ac735">
      <Execution id="19f581ea-4c8a-4c7e-850f-669c7e95865d" />
      <TestMethod codeBase="/home/user/wt-impl/product/tests/AeroLink.Infrastructure.Tests/bin/Release/net10.0/AeroLink.Infrastructure.Tests.dll" adapterTypeName="executor://xunit/VsTestRunner3/netcore/" className="AeroLink.Infrastructure.Tests.ProjectSetupPostgresQualificationTests" name="Concurrent_source_mapping_and_reconcile_return_one_conflict_and_preserve_reconciled_package_on_postgresql" />
    </UnitTest>
    <UnitTest name="AeroLink.Infrastructure.Tests.ProjectSetupPostgresQualificationTests.Native_capture_survives_restart_and_competing_finalization_on_postgresql" storage="/home/user/wt-impl/product/tests/aerolink.infrastructure.tests/bin/release/net10.0/aerolink.infrastructure.tests.dll" id="8bb65f82-edbe-274a-0a6e-561c49aa274d">
      <Execution id="c586c20b-2933-4a6b-bb17-e650a9f317f9" />
      <TestMethod codeBase="/home/user/wt-impl/product/tests/AeroLink.Infrastructure.Tests/bin/Release/net10.0/AeroLink.Infrastructure.Tests.dll" adapterTypeName="executor://xunit/VsTestRunner3/netcore/" className="AeroLink.Infrastructure.Tests.ProjectSetupPostgresQualificationTests" name="Native_capture_survives_restart_and_competing_finalization_on_postgresql" />
    </UnitTest>
    <UnitTest name="AeroLink.Infrastructure.Tests.ProjectSetupPostgresQualificationTests.Repository_verification_migration_preserves_legacy_null_facts_and_new_identity_snapshots" storage="/home/user/wt-impl/product/tests/aerolink.infrastructure.tests/bin/release/net10.0/aerolink.infrastructure.tests.dll" id="a10bfc7d-62d1-676c-6593-a9957f706e3b">
      <Execution id="2c87f426-4dd0-48e4-aa8e-b86055d08ee8" />
      <TestMethod codeBase="/home/user/wt-impl/product/tests/AeroLink.Infrastructure.Tests/bin/Release/net10.0/AeroLink.Infrastructure.Tests.dll" adapterTypeName="executor://xunit/VsTestRunner3/netcore/" className="AeroLink.Infrastructure.Tests.ProjectSetupPostgresQualificationTests" name="Repository_verification_migration_preserves_legacy_null_facts_and_new_identity_snapshots" />
    </UnitTest>
    <UnitTest name="AeroLink.Infrastructure.Tests.ProjectSetupPostgresQualificationTests.Inception_baseline_identity_migration_backfills_existing_drafts_before_unique_constraint" storage="/home/user/wt-impl/product/tests/aerolink.infrastructure.tests/bin/release/net10.0/aerolink.infrastructure.tests.dll" id="fb15477e-81c5-1a8c-501d-d76d3bdd94f5">
      <Execution id="8fff9d1c-25eb-4cb2-82d0-9e84cb815ccb" />
      <TestMethod codeBase="/home/user/wt-impl/product/tests/AeroLink.Infrastructure.Tests/bin/Release/net10.0/AeroLink.Infrastructure.Tests.dll" adapterTypeName="executor://xunit/VsTestRunner3/netcore/" className="AeroLink.Infrastructure.Tests.ProjectSetupPostgresQualificationTests" name="Inception_baseline_identity_migration_backfills_existing_drafts_before_unique_constraint" />
    </UnitTest>
    <UnitTest name="AeroLink.Infrastructure.Tests.ProjectSetupPostgresQualificationTests.Inception_uploads_survive_provider_restart_and_replay_for_all_external_formats_on_postgresql" storage="/home/user/wt-impl/product/tests/aerolink.infrastructure.tests/bin/release/net10.0/aerolink.infrastructure.tests.dll" id="5a0de47e-3ac7-a05f-b472-ab9b9b833aeb">
      <Execution id="731e999a-165e-4c5d-848f-fefeb7022d93" />
      <TestMethod codeBase="/home/user/wt-impl/product/tests/AeroLink.Infrastructure.Tests/bin/Release/net10.0/AeroLink.Infrastructure.Tests.dll" adapterTypeName="executor://xunit/VsTestRunner3/netcore/" className="AeroLink.Infrastructure.Tests.ProjectSetupPostgresQualificationTests" name="Inception_uploads_survive_provider_restart_and_replay_for_all_external_formats_on_postgresql" />
    </UnitTest>
  </TestDefinitions>
  <TestEntries>
    <TestEntry testId="8bb65f82-edbe-274a-0a6e-561c49aa274d" executionId="c586c20b-2933-4a6b-bb17-e650a9f317f9" testListId="8c84fa94-04c1-424b-9868-57a2d4851a1d" />
    <TestEntry testId="3f7535a4-0c84-70fb-7606-7d24fc487109" executionId="46992dc2-63d7-4241-a8f4-60deac942fd8" testListId="8c84fa94-04c1-424b-9868-57a2d4851a1d" />
    <TestEntry testId="242380b7-4dc3-93ff-7fa5-ab7dffc58f2c" executionId="545d02b5-dcb6-4a1d-bb0b-43dbd4203e6e" testListId="8c84fa94-04c1-424b-9868-57a2d4851a1d" />
    <TestEntry testId="e12221cf-5246-d53e-5a46-7541f60ac735" executionId="19f581ea-4c8a-4c7e-850f-669c7e95865d" testListId="8c84fa94-04c1-424b-9868-57a2d4851a1d" />
    <TestEntry testId="13c22eb6-748c-ce9c-6cfb-da3550210596" executionId="73326a9b-13c2-4e34-880d-2db38caa3065" testListId="8c84fa94-04c1-424b-9868-57a2d4851a1d" />
    <TestEntry testId="49b79990-08a9-531c-f175-a7936c7e9b2b" executionId="8695392d-ce94-4be1-85fc-edbc63245fc9" testListId="8c84fa94-04c1-424b-9868-57a2d4851a1d" />
    <TestEntry testId="5a0de47e-3ac7-a05f-b472-ab9b9b833aeb" executionId="731e999a-165e-4c5d-848f-fefeb7022d93" testListId="8c84fa94-04c1-424b-9868-57a2d4851a1d" />
    <TestEntry testId="06876892-1332-3940-aa32-320a979ca62f" executionId="f13e1dcd-4c3f-4a61-856d-13cb2978d953" testListId="8c84fa94-04c1-424b-9868-57a2d4851a1d" />
    <TestEntry testId="49cb47b8-eecf-f795-ea07-50b84893c9a8" executionId="c48d1843-48bd-4eed-b885-2c6025c189dd" testListId="8c84fa94-04c1-424b-9868-57a2d4851a1d" />
    <TestEntry testId="fb15477e-81c5-1a8c-501d-d76d3bdd94f5" executionId="8fff9d1c-25eb-4cb2-82d0-9e84cb815ccb" testListId="8c84fa94-04c1-424b-9868-57a2d4851a1d" />
    <TestEntry testId="a10bfc7d-62d1-676c-6593-a9957f706e3b" executionId="2c87f426-4dd0-48e4-aa8e-b86055d08ee8" testListId="8c84fa94-04c1-424b-9868-57a2d4851a1d" />
  </TestEntries>
  <TestLists>
    <TestList name="Results Not in a List" id="8c84fa94-04c1-424b-9868-57a2d4851a1d" />
    <TestList name="All Loaded Results" id="19431567-8539-422a-85d7-44ee4e166bda" />
  </TestLists>
  <ResultSummary outcome="Completed">
    <Counters total="11" executed="11" passed="11" failed="0" error="0" timeout="0" aborted="0" inconclusive="0" passedButRunAborted="0" notRunnable="0" notExecuted="0" disconnected="0" warning="0" completed="0" inProgress="0" pending="0" />
    <Output>
      <StdOut>[xUnit.net 00:00:00.00] xUnit.net VSTest Adapter v3.1.4+50e68bbb8b (64-bit .NET 10.0.12)
[xUnit.net 00:00:00.17]   Discovering: AeroLink.Infrastructure.Tests
[xUnit.net 00:00:00.45]   Discovered:  AeroLink.Infrastructure.Tests
[xUnit.net 00:00:00.48]   Starting:    AeroLink.Infrastructure.Tests
[xUnit.net 00:01:20.27]   Finished:    AeroLink.Infrastructure.Tests
</StdOut>
    </Output>
    <RunInfos>
      <RunInfo computerName="vm" outcome="Warning" timestamp="2026-09-25T04:49:54.7043713+00:00">
        <Text>Data collector 'Blame' message: All tests finished running, Sequence file will not be generated.</Text>
      </RunInfo>
    </RunInfos>
  </ResultSummary>
</TestRun>